<?xml version="1.0" encoding="UTF-8"?>
<testsuite xmlns:xsi="http://www.w3.org/2001/XMLSchema-instance" xsi:noNamespaceSchemaLocation="https://maven.apache.org/surefire/maven-surefire-plugin/xsd/surefire-test-report-3.0.xsd" version="3.0" name="com.fx.csvtest.runner.CsvComponentTestRunner" time="12615.757" tests="4" errors="0" skipped="0" failures="1">
  <properties>
[...]
</properties>
  <testcase name="loadTestCases" classname="com.fx.csvtest.runner.CsvComponentTestRunner" time="0.293">
    <system-out><![CDATA[╔══════════════════════════════════════════════════════════╗
║      FX CSV Component Test Suite                         ║
║      ISO 20022 pacs.009 → Domain Payment Assertions      ║
╚══════════════════════════════════════════════════════════╝


  .   ____          _            __ _ _
 /\\ / ___'_ __ _ _(_)_ __  __ _ \ \ \ \
( ( )\___ | '_ | '_| | '_ \/ _` | \ \ \ \
 \\/  ___)| |_)| | | | | || (_| |  ) ) ) )
  '  |____| .__|_| |_|_| |_\__, | / / / /
 =========|_|==============|___/=/_/_/_/
 :: Spring Boot ::                (v3.2.5)

2026-05-01 07:47:39.807 &amp#27;[34mINFO &amp#27;[0;39m &amp#27;[36m[background-preinit]&amp#27;[0;39m &amp#27;[33mo.h.validator.internal.util.Version&amp#27;[0;39m - HV000001: Hibernate Validator 8.0.1.Final
2026-05-01 07:47:39.817 &amp#27;[34mINFO &amp#27;[0;39m &amp#27;[36m[main]&amp#27;[0;39m &amp#27;[33mc.f.c.runner.CsvComponentTestRunner&amp#27;[0;39m - Starting CsvComponentTestRunner using Java 25.0.2 with PID 28652 (started by sm in /Users/sm/2026/claude_projects/fx-csv-component-tests)
2026-05-01 07:47:39.817 &amp#27;[39mDEBUG&amp#27;[0;39m &amp#27;[36m[main]&amp#27;[0;39m &amp#27;[33mc.f.c.runner.CsvComponentTestRunner&amp#27;[0;39m - Running with Spring Boot v3.2.5, Spring v6.1.6
2026-05-01 07:47:39.817 &amp#27;[34mINFO &amp#27;[0;39m &amp#27;[36m[main]&amp#27;[0;39m &amp#27;[33mc.f.c.runner.CsvComponentTestRunner&amp#27;[0;39m - The following 1 profile is active: "default"
2026-05-01 07:47:39.990 &amp#27;[34mINFO &amp#27;[0;39m &amp#27;[36m[main]&amp#27;[0;39m &amp#27;[33mo.s.d.r.c.RepositoryConfigurationDelegate&amp#27;[0;39m - Bootstrapping Spring Data JPA repositories in DEFAULT mode.
2026-05-01 07:47:40.008 &amp#27;[34mINFO &amp#27;[0;39m &amp#27;[36m[main]&amp#27;[0;39m &amp#27;[33mo.s.d.r.c.RepositoryConfigurationDelegate&amp#27;[0;39m - Finished Spring Data repository scanning in 15 ms. Found 2 JPA repository interfaces.
2026-05-01 07:47:40.263 &amp#27;[34mINFO &amp#27;[0;39m &amp#27;[36m[main]&amp#27;[0;39m &amp#27;[33mo.h.jpa.internal.util.LogHelper&amp#27;[0;39m - HHH000204: Processing PersistenceUnitInfo [name: default]
2026-05-01 07:47:40.280 &amp#27;[34mINFO &amp#27;[0;39m &amp#27;[36m[main]&amp#27;[0;39m &amp#27;[33morg.hibernate.Version&amp#27;[0;39m - HHH000412: Hibernate ORM core version 6.4.4.Final
2026-05-01 07:47:40.289 &amp#27;[34mINFO &amp#27;[0;39m &amp#27;[36m[main]&amp#27;[0;39m &amp#27;[33mo.h.c.i.RegionFactoryInitiator&amp#27;[0;39m - HHH000026: Second-level cache disabled
2026-05-01 07:47:40.367 &amp#27;[34mINFO &amp#27;[0;39m &amp#27;[36m[main]&amp#27;[0;39m &amp#27;[33mo.s.o.j.p.SpringPersistenceUnitInfo&amp#27;[0;39m - No LoadTimeWeaver setup: ignoring JPA class transformer
2026-05-01 07:47:40.378 &amp#27;[34mINFO &amp#27;[0;39m &amp#27;[36m[main]&amp#27;[0;39m &amp#27;[33mcom.zaxxer.hikari.HikariDataSource&amp#27;[0;39m - HikariPool-1 - Starting...
2026-05-01 07:47:40.430 &amp#27;[34mINFO &amp#27;[0;39m &amp#27;[36m[main]&amp#27;[0;39m &amp#27;[33mcom.zaxxer.hikari.pool.HikariPool&amp#27;[0;39m - HikariPool-1 - Added connection conn0: url=jdbc:h2:mem:testdb user=SA
2026-05-01 07:47:40.431 &amp#27;[34mINFO &amp#27;[0;39m &amp#27;[36m[main]&amp#27;[0;39m &amp#27;[33mcom.zaxxer.hikari.HikariDataSource&amp#27;[0;39m - HikariPool-1 - Start completed.
2026-05-01 07:47:40.439 &amp#27;[31mWARN &amp#27;[0;39m &amp#27;[36m[main]&amp#27;[0;39m &amp#27;[33morg.hibernate.orm.deprecation&amp#27;[0;39m - HHH90000025: H2Dialect does not need to be specified explicitly using 'hibernate.dialect' (remove the property setting and it will be selected by default)
2026-05-01 07:47:40.770 &amp#27;[34mINFO &amp#27;[0;39m &amp#27;[36m[main]&amp#27;[0;39m &amp#27;[33mo.h.e.t.j.p.i.JtaPlatformInitiator&amp#27;[0;39m - HHH000489: No JTA platform available (set 'hibernate.transaction.jta.platform' to enable JTA platform integration)
2026-05-01 07:47:40.783 &amp#27;[34mINFO &amp#27;[0;39m &amp#27;[36m[main]&amp#27;[0;39m &amp#27;[33mo.s.o.j.LocalContainerEntityManagerFactoryBean&amp#27;[0;39m - Initialized JPA EntityManagerFactory for persistence unit 'default'
2026-05-01 07:47:41.377 &amp#27;[34mINFO &amp#27;[0;39m &amp#27;[36m[main]&amp#27;[0;39m &amp#27;[33mc.f.c.runner.CsvComponentTestRunner&amp#27;[0;39m - Started CsvComponentTestRunner in 1.652 seconds (process running for 1.989)
2026-05-01 07:47:41.610 &amp#27;[34mINFO &amp#27;[0;39m &amp#27;[36m[main]&amp#27;[0;39m &amp#27;[33mc.f.c.runner.CsvComponentTestRunner&amp#27;[0;39m - Loading test cases from: /Users/sm/2026/claude_projects/fx-csv-component-tests/src/test/resources/test-data
2026-05-01 07:47:41.611 &amp#27;[34mINFO &amp#27;[0;39m &amp#27;[36m[main]&amp#27;[0;39m &amp#27;[33mc.fx.csvtest.csv.CsvTestCaseLoader&amp#27;[0;39m - Loading test cases from: 01-happy-path-tests.csv
2026-05-01 07:47:41.623 &amp#27;[34mINFO &amp#27;[0;39m &amp#27;[36m[main]&amp#27;[0;39m &amp#27;[33mc.fx.csvtest.csv.CsvTestCaseLoader&amp#27;[0;39m -   → 8 test cases loaded
2026-05-01 07:47:41.623 &amp#27;[34mINFO &amp#27;[0;39m &amp#27;[36m[main]&amp#27;[0;39m &amp#27;[33mc.fx.csvtest.csv.CsvTestCaseLoader&amp#27;[0;39m - Loading test cases from: 02-boundary-amount-tests.csv
2026-05-01 07:47:41.623 &amp#27;[34mINFO &amp#27;[0;39m &amp#27;[36m[main]&amp#27;[0;39m &amp#27;[33mc.fx.csvtest.csv.CsvTestCaseLoader&amp#27;[0;39m -   → 12 test cases loaded
2026-05-01 07:47:41.623 &amp#27;[34mINFO &amp#27;[0;39m &amp#27;[36m[main]&amp#27;[0;39m &amp#27;[33mc.fx.csvtest.csv.CsvTestCaseLoader&amp#27;[0;39m - Loading test cases from: 03-boundary-currency-tests.csv
2026-05-01 07:47:41.624 &amp#27;[34mINFO &amp#27;[0;39m &amp#27;[36m[main]&amp#27;[0;39m &amp#27;[33mc.fx.csvtest.csv.CsvTestCaseLoader&amp#27;[0;39m -   → 15 test cases loaded
2026-05-01 07:47:41.625 &amp#27;[34mINFO &amp#27;[0;39m &amp#27;[36m[main]&amp#27;[0;39m &amp#27;[33mc.fx.csvtest.csv.CsvTestCaseLoader&amp#27;[0;39m - Loading test cases from: 04-boundary-bic-tests.csv
2026-05-01 07:47:41.625 &amp#27;[34mINFO &amp#27;[0;39m &amp#27;[36m[main]&amp#27;[0;39m &amp#27;[33mc.fx.csvtest.csv.CsvTestCaseLoader&amp#27;[0;39m -   → 14 test cases loaded
2026-05-01 07:47:41.625 &amp#27;[34mINFO &amp#27;[0;39m &amp#27;[36m[main]&amp#27;[0;39m &amp#27;[33mc.fx.csvtest.csv.CsvTestCaseLoader&amp#27;[0;39m - Loading test cases from: 05-boundary-identification-tests.csv
2026-05-01 07:47:41.626 &amp#27;[34mINFO &amp#27;[0;39m &amp#27;[36m[main]&amp#27;[0;39m &amp#27;[33mc.fx.csvtest.csv.CsvTestCaseLoader&amp#27;[0;39m -   → 17 test cases loaded
2026-05-01 07:47:41.626 &amp#27;[34mINFO &amp#27;[0;39m &amp#27;[36m[main]&amp#27;[0;39m &amp#27;[33mc.fx.csvtest.csv.CsvTestCaseLoader&amp#27;[0;39m - Loading test cases from: 06-boundary-settlement-enums-tests.csv
2026-05-01 07:47:41.626 &amp#27;[34mINFO &amp#27;[0;39m &amp#27;[36m[main]&amp#27;[0;39m &amp#27;[33mc.fx.csvtest.csv.CsvTestCaseLoader&amp#27;[0;39m -   → 24 test cases loaded
2026-05-01 07:47:41.626 &amp#27;[34mINFO &amp#27;[0;39m &amp#27;[36m[main]&amp#27;[0;39m &amp#27;[33mc.fx.csvtest.csv.CsvTestCaseLoader&amp#27;[0;39m - Loading test cases from: 07-boundary-iban-exchangerate-tests.csv
2026-05-01 07:47:41.627 &amp#27;[34mINFO &amp#27;[0;39m &amp#27;[36m[main]&amp#27;[0;39m &amp#27;[33mc.fx.csvtest.csv.CsvTestCaseLoader&amp#27;[0;39m -   → 13 test cases loaded
2026-05-01 07:47:41.627 &amp#27;[34mINFO &amp#27;[0;39m &amp#27;[36m[main]&amp#27;[0;39m &amp#27;[33mc.fx.csvtest.csv.CsvTestCaseLoader&amp#27;[0;39m - Loading test cases from: 08-domain-field-mapping-tests.csv
2026-05-01 07:47:41.629 &amp#27;[34mINFO &amp#27;[0;39m &amp#27;[36m[main]&amp#27;[0;39m &amp#27;[33mc.fx.csvtest.csv.CsvTestCaseLoader&amp#27;[0;39m -   → 8 test cases loaded
2026-05-01 07:47:41.629 &amp#27;[34mINFO &amp#27;[0;39m &amp#27;[36m[main]&amp#27;[0;39m &amp#27;[33mc.fx.csvtest.csv.CsvTestCaseLoader&amp#27;[0;39m - Total test cases loaded: 111
2026-05-01 07:47:41.653 &amp#27;[34mINFO &amp#27;[0;39m &amp#27;[36m[main]&amp#27;[0;39m &amp#27;[33mc.f.c.runner.CsvComponentTestRunner&amp#27;[0;39m - Loaded 111 test cases

TestId     Description                    Category             Expected  
──────────────────────────────────────────────────────────────────────────
HP-001     …FX settlement - GROS method   HappyPath            VALID     
HP-002     …treasury swap - CLRG method   HappyPath            VALID     
HP-003     …-currency - INDA no FX rate   HappyPath            VALID     
HP-004     …elds present - full message   HappyPath            VALID     
HP-005     Minimum required fields only   HappyPath            VALID     
HP-006     …ansfer - zero exchange rate   HappyPath            VALID     
HP-007     …D/USD via COVE cover method   HappyPath            VALID     
HP-008     …all-value interbank payment   HappyPath            VALID     
AMT-001    …ro (minInclusive=0) - VALID   BoundaryAmount       VALID     
AMT-002    …mum fractional 5dp) - VALID   BoundaryAmount       VALID     
AMT-003    Amount: 1 (integer) - VALID    BoundaryAmount       VALID     
AMT-004    …standard FX amount) - VALID   BoundaryAmount       VALID     
AMT-005    …ax 18 total digits) - VALID   BoundaryAmount       VALID     
AMT-006    …y 5 decimal places) - VALID   BoundaryAmount       VALID     
AMT-007    …s minInclusive=0) - INVALID   BoundaryAmount       INVALID   
AMT-008    … (large negative) - INVALID   BoundaryAmount       INVALID   
AMT-009    …fractionDigits=5) - INVALID   BoundaryAmount       INVALID   
AMT-010    …non-numeric text) - INVALID   BoundaryAmount       INVALID   
AMT-011    … missing entirely - INVALID   BoundaryAmount       INVALID   
AMT-012    …7 decimal places) - INVALID   BoundaryAmount       INVALID   
CCY-001    …(3-letter standard) - VALID   BoundaryCurrency     VALID     
CCY-002    …(3-letter standard) - VALID   BoundaryCurrency     VALID     
CCY-003    …-letter no decimal) - VALID   BoundaryCurrency     VALID     
CCY-004    …ncy: CHF (3-letter) - VALID   BoundaryCurrency     VALID     
CCY-005    Currency: GBP - VALID          BoundaryCurrency     VALID     
CCY-006    Currency: AUD - VALID          BoundaryCurrency     VALID     
CCY-007    … NOK (Scandinavian) - VALID   BoundaryCurrency     VALID     
CCY-008    Currency: XAU (gold) - VALID   BoundaryCurrency     VALID     
CCY-009    …d (all lowercase) - INVALID   BoundaryCurrency     INVALID   
CCY-010    … Usd (mixed case) - INVALID   BoundaryCurrency     INVALID   
CCY-011    …letters too long) - INVALID   BoundaryCurrency     INVALID   
CCY-012    …etters too short) - INVALID   BoundaryCurrency     INVALID   
CCY-013    …letter too short) - INVALID   BoundaryCurrency     INVALID   
CCY-014    …123 (digits only) - INVALID   BoundaryCurrency     INVALID   
CCY-015    …pecial character) - INVALID   BoundaryCurrency     INVALID   
BIC-001    …2 (8-char standard) - VALID   BoundaryBIC          VALID     
BIC-002    …1-char with branch) - VALID   BoundaryBIC          VALID     
BIC-003    …har numeric branch) - VALID   BoundaryBIC          VALID     
BIC-004    …UTDEFFXXX (11-char) - VALID   BoundaryBIC          VALID     
BIC-005    … bank code AAAA1122 - VALID   BoundaryBIC          VALID     
BIC-006    …cgb22 (lowercase) - INVALID   BoundaryBIC          INVALID   
BIC-007    …GB22 (mixed case) - INVALID   BoundaryBIC          INVALID   
BIC-008    … chars too short) - INVALID   BoundaryBIC          INVALID   
BIC-009    …rs - not 8 or 11) - INVALID   BoundaryBIC          INVALID   
BIC-010    …GB2211 (10 chars) - INVALID   BoundaryBIC          INVALID   
BIC-011    …2 chars too long) - INVALID   BoundaryBIC          INVALID   
BIC-012    …ry code position) - INVALID   BoundaryBIC          INVALID   
BIC-013    … missing entirely - INVALID   BoundaryBIC          INVALID   
BIC-014    … missing entirely - INVALID   BoundaryBIC          INVALID   
ID-001     …(minimum Max35Text) - VALID   BoundaryID           VALID     
ID-002     …(maximum Max35Text) - VALID   BoundaryID           VALID     
ID-003     …e over Max35Text) - INVALID   BoundaryID           INVALID   
ID-004     … (required field) - INVALID   BoundaryID           INVALID   
ID-005     … length 1 (minimum) - VALID   BoundaryID           VALID     
ID-006     …length 35 (maximum) - VALID   BoundaryID           VALID     
ID-007     … (required field) - INVALID   BoundaryID           INVALID   
ID-008     … length 1 (minimum) - VALID   BoundaryID           VALID     
ID-009     …length 35 (maximum) - VALID   BoundaryID           VALID     
ID-010     … (required field) - INVALID   BoundaryID           INVALID   
ID-011     … (max when present) - VALID   BoundaryID           VALID     
ID-012     …nt (optional field) - VALID   BoundaryID           VALID     
ID-013     …d v4 UUID lowercase - VALID   BoundaryID           VALID     
ID-014     …nt (optional field) - VALID   BoundaryID           VALID     
ID-015     …rts with 1 not 4) - INVALID   BoundaryID           INVALID   
ID-016     … with c not 89ab) - INVALID   BoundaryID           INVALID   
ID-017     …quires lowercase) - INVALID   BoundaryID           INVALID   
SM-001     SttlmMtd: CLRG - VALID         …ySettlementMethod   VALID     
SM-002     SttlmMtd: COVE - VALID         …ySettlementMethod   VALID     
SM-003     SttlmMtd: GROS - VALID         …ySettlementMethod   VALID     
SM-004     SttlmMtd: INDA - VALID         …ySettlementMethod   VALID     
SM-005     …RE (invalid enum) - INVALID   …ySettlementMethod   INVALID   
SM-006     …EPA (not in enum) - INVALID   …ySettlementMethod   INVALID   
SM-007     … gros (lowercase) - INVALID   …ySettlementMethod   INVALID   
SM-008     SttlmMtd missing - INVALID     …ySettlementMethod   INVALID   
CB-001     ChrgBr: CRED - VALID           …ndaryChargeBearer   VALID     
CB-002     ChrgBr: DEBT - VALID           …ndaryChargeBearer   VALID     
CB-003     ChrgBr: SHAR - VALID           …ndaryChargeBearer   VALID     
CB-004     ChrgBr: SLEV - VALID           …ndaryChargeBearer   VALID     
CB-005     …ONE (not in enum) - INVALID   …ndaryChargeBearer   INVALID   
CB-006     …UR (SWIFT legacy) - INVALID   …ndaryChargeBearer   INVALID   
CB-007     …EN (SWIFT legacy) - INVALID   …ndaryChargeBearer   INVALID   
CB-008     ChrgBr missing - INVALID       …ndaryChargeBearer   INVALID   
DT-001     …4-17 (standard ISO) - VALID   …arySettlementDate   VALID     
DT-002     …-12-31 (far future) - VALID   …arySettlementDate   VALID     
DT-003     …ate allowed by XSD) - VALID   …arySettlementDate   VALID     
DT-004     …4-02-29 (leap year) - VALID   …arySettlementDate   VALID     
DT-005     …YYY wrong format) - INVALID   …arySettlementDate   INVALID   
DT-006     …hes wrong format) - INVALID   …arySettlementDate   INVALID   
DT-007     …not-a-date (text) - INVALID   …arySettlementDate   INVALID   
DT-008     …ment date missing - INVALID   …arySettlementDate   INVALID   
IB-001     …779911 (UK 22-char) - VALID   BoundaryIBAN         VALID     
IB-002     …0 (Germany 22-char) - VALID   BoundaryIBAN         VALID     
IB-003     …83 (France 27-char) - VALID   BoundaryIBAN         VALID     
IB-004     …onal - no accounts) - VALID   BoundaryIBAN         VALID     
IB-005     …ase country code) - INVALID   BoundaryIBAN         INVALID   
IB-006     …(no country code) - INVALID   BoundaryIBAN         INVALID   
IB-007     …oo short 2 chars) - INVALID   BoundaryIBAN         INVALID   
XR-001     …(10 decimal places) - VALID   …ndaryExchangeRate   VALID     
XR-002     …EUR/JPY cross rate) - VALID   …ndaryExchangeRate   VALID     
XR-003     …ame-currency no FX) - VALID   …ndaryExchangeRate   VALID     
XR-004     …AUD/USD sub-1 rate) - VALID   …ndaryExchangeRate   VALID     
XR-005     …ve -1.2 (invalid) - INVALID   …ndaryExchangeRate   INVALID   
XR-006     …: text NOT_A_RATE - INVALID   …ndaryExchangeRate   INVALID   
DM-001     … all domain fields verified   DomainMapping        VALID     
DM-002     … code TREA mapped to domain   DomainMapping        VALID     
DM-003     … code BEXP mapped to domain   DomainMapping        VALID     
DM-004     …INTC (intra-company) mapped   DomainMapping        VALID     
DM-005     …e info max 140 chars mapped   DomainMapping        VALID     
DM-006     …method propagated to domain   DomainMapping        VALID     
DM-007     …method propagated to domain   DomainMapping        VALID     
DM-008     …lds - minimal domain object   DomainMapping        VALID     

]]></system-out>
    <system-err><![CDATA[WARNING: A Java agent has been loaded dynamically (/Users/sm/.m2/repository/net/bytebuddy/byte-buddy-agent/1.14.13/byte-buddy-agent-1.14.13.jar)
WARNING: If a serviceability tool is in use, please run with -XX:+EnableDynamicAgentLoading to hide this warning
WARNING: If a serviceability tool is not in use, please run with -Djdk.instrument.traceUsage for more information
WARNING: Dynamic loading of agents will be disallowed by default in a future release
]]></system-err>
  </testcase>
  <testcase name="executeAllTestCases" classname="com.fx.csvtest.runner.CsvComponentTestRunner" time="12613.629">
    <system-out><![CDATA[2026-05-01 07:47:41.678 &amp#27;[39mDEBUG&amp#27;[0;39m &amp#27;[36m[main]&amp#27;[0;39m &amp#27;[33mc.fx.csvtest.xml.Pacs009XmlFactory&amp#27;[0;39m - Built XML for test HP-001: 1333 chars
2026-05-01 07:47:41.678 &amp#27;[34mINFO &amp#27;[0;39m &amp#27;[36m[main]&amp#27;[0;39m &amp#27;[33mc.f.c.execution.TestOrchestrator&amp#27;[0;39m - ▶ Executing [HP-001] USD/GBP FX settlement - GROS method (VALID)
2026-05-01 07:47:41.717 &amp#27;[39mDEBUG&amp#27;[0;39m &amp#27;[36m[main]&amp#27;[0;39m &amp#27;[33mc.f.c.execution.TestOrchestrator&amp#27;[0;39m - [HP-001] Sent to fx.pacs009.inbound
2026-05-01 07:47:56.748 &amp#27;[1;31mERROR&amp#27;[0;39m &amp#27;[36m[main]&amp#27;[0;39m &amp#27;[33mc.f.c.execution.TestOrchestrator&amp#27;[0;39m - [HP-001] TIMEOUT – Condition with alias '[HP-001] PROCESSED in AUT DB' didn't complete within 15 seconds because condition with Lambda expression in com.fx.csvtest.execution.TestOrchestrator was not fulfilled.
2026-05-01 07:47:56.761 &amp#27;[34mINFO &amp#27;[0;39m &amp#27;[36m[main]&amp#27;[0;39m &amp#27;[33mc.f.c.execution.TestOrchestrator&amp#27;[0;39m - ✗ [HP-001] FAIL (15071ms)
2026-05-01 07:47:56.761 &amp#27;[39mDEBUG&amp#27;[0;39m &amp#27;[36m[main]&amp#27;[0;39m &amp#27;[33mc.fx.csvtest.xml.Pacs009XmlFactory&amp#27;[0;39m - Built XML for test HP-002: 1144 chars
2026-05-01 07:47:56.761 &amp#27;[34mINFO &amp#27;[0;39m &amp#27;[36m[main]&amp#27;[0;39m &amp#27;[33mc.f.c.execution.TestOrchestrator&amp#27;[0;39m - ▶ Executing [HP-002] EUR/JPY treasury swap - CLRG method (VALID)
2026-05-01 07:47:56.763 &amp#27;[39mDEBUG&amp#27;[0;39m &amp#27;[36m[main]&amp#27;[0;39m &amp#27;[33mc.f.c.execution.TestOrchestrator&amp#27;[0;39m - [HP-002] Sent to fx.pacs009.inbound
2026-05-01 07:48:08.904 &amp#27;[34mINFO &amp#27;[0;39m &amp#27;[36m[org.springframework.amqp.rabbit.RabbitListenerEndpointContainer#0-1]&amp#27;[0;39m &amp#27;[33mc.f.p.l.Pacs009MessageListener&amp#27;[0;39m - Received message on 'fx.pacs009.inbound' (len=983)
2026-05-01 07:48:08.904 &amp#27;[34mINFO &amp#27;[0;39m &amp#27;[36m[org.springframework.amqp.rabbit.RabbitListenerEndpointContainer#0-1]&amp#27;[0;39m &amp#27;[33mc.f.p.o.PaymentOrchestrationService&amp#27;[0;39m - Processing inbound pacs.009 message (len=983)
2026-05-01 07:48:08.930 &amp#27;[31mWARN &amp#27;[0;39m &amp#27;[36m[org.springframework.amqp.rabbit.RabbitListenerEndpointContainer#0-1]&amp#27;[0;39m &amp#27;[33mc.f.p.s.Pacs009ValidationService&amp#27;[0;39m - Pacs.009 message failed validation. Errors: [FATAL: Content is not allowed in prolog., Content is not allowed in prolog.]
2026-05-01 07:48:08.930 &amp#27;[31mWARN &amp#27;[0;39m &amp#27;[36m[org.springframework.amqp.rabbit.RabbitListenerEndpointContainer#0-1]&amp#27;[0;39m &amp#27;[33mc.f.p.o.PaymentOrchestrationService&amp#27;[0;39m - Payment validation failed: XSD validation failed: FATAL: Content is not allowed in prolog.; Content is not allowed in prolog.
2026-05-01 07:48:08.932 &amp#27;[31mWARN &amp#27;[0;39m &amp#27;[36m[org.springframework.amqp.rabbit.RabbitListenerEndpointContainer#0-1]&amp#27;[0;39m &amp#27;[33mc.f.p.s.PaymentPersistenceService&amp#27;[0;39m - Persisted INVALID payment message. id=c8236f76-233a-48fb-9788-a4b9127ed0e3
2026-05-01 07:48:08.936 &amp#27;[31mWARN &amp#27;[0;39m &amp#27;[36m[org.springframework.amqp.rabbit.RabbitListenerEndpointContainer#0-1]&amp#27;[0;39m &amp#27;[33mc.f.p.service.PaymentRoutingService&amp#27;[0;39m - Routed INVALID message to 'fx.payment.invalid'. reason=XSD validation failed: FATAL: Content is not allowed in prolog.; Content is not allowed in prolog.
2026-05-01 07:48:11.791 &amp#27;[1;31mERROR&amp#27;[0;39m &amp#27;[36m[main]&amp#27;[0;39m &amp#27;[33mc.f.c.execution.TestOrchestrator&amp#27;[0;39m - [HP-002] TIMEOUT – Condition with alias '[HP-002] PROCESSED in AUT DB' didn't complete within 15 seconds because condition with Lambda expression in com.fx.csvtest.execution.TestOrchestrator was not fulfilled.
2026-05-01 07:48:11.793 &amp#27;[34mINFO &amp#27;[0;39m &amp#27;[36m[main]&amp#27;[0;39m &amp#27;[33mc.f.c.execution.TestOrchestrator&amp#27;[0;39m - ✗ [HP-002] FAIL (15030ms)
2026-05-01 07:48:11.793 &amp#27;[39mDEBUG&amp#27;[0;39m &amp#27;[36m[main]&amp#27;[0;39m &amp#27;[33mc.fx.csvtest.xml.Pacs009XmlFactory&amp#27;[0;39m - Built XML for test HP-003: 959 chars
2026-05-01 07:48:11.793 &amp#27;[34mINFO &amp#27;[0;39m &amp#27;[36m[main]&amp#27;[0;39m &amp#27;[33mc.f.c.execution.TestOrchestrator&amp#27;[0;39m - ▶ Executing [HP-003] CHF/USD same-currency - INDA no FX rate (VALID)
2026-05-01 07:48:11.794 &amp#27;[39mDEBUG&amp#27;[0;39m &amp#27;[36m[main]&amp#27;[0;39m &amp#27;[33mc.f.c.execution.TestOrchestrator&amp#27;[0;39m - [HP-003] Sent to fx.pacs009.inbound
2026-05-01 07:48:24.091 &amp#27;[34mINFO &amp#27;[0;39m &amp#27;[36m[org.springframework.amqp.rabbit.RabbitListenerEndpointContainer#0-1]&amp#27;[0;39m &amp#27;[33mc.f.p.l.Pacs009MessageListener&amp#27;[0;39m - Received message on 'fx.pacs009.inbound' (len=1109)
2026-05-01 07:48:24.092 &amp#27;[34mINFO &amp#27;[0;39m &amp#27;[36m[org.springframework.amqp.rabbit.RabbitListenerEndpointContainer#0-1]&amp#27;[0;39m &amp#27;[33mc.f.p.o.PaymentOrchestrationService&amp#27;[0;39m - Processing inbound pacs.009 message (len=1109)
2026-05-01 07:48:24.093 &amp#27;[31mWARN &amp#27;[0;39m &amp#27;[36m[org.springframework.amqp.rabbit.RabbitListenerEndpointContainer#0-1]&amp#27;[0;39m &amp#27;[33mc.f.p.s.Pacs009ValidationService&amp#27;[0;39m - Pacs.009 message failed validation. Errors: [FATAL: Content is not allowed in prolog., Content is not allowed in prolog.]
2026-05-01 07:48:24.093 &amp#27;[31mWARN &amp#27;[0;39m &amp#27;[36m[org.springframework.amqp.rabbit.RabbitListenerEndpointContainer#0-1]&amp#27;[0;39m &amp#27;[33mc.f.p.o.PaymentOrchestrationService&amp#27;[0;39m - Payment validation failed: XSD validation failed: FATAL: Content is not allowed in prolog.; Content is not allowed in prolog.
2026-05-01 07:48:24.093 &amp#27;[31mWARN &amp#27;[0;39m &amp#27;[36m[org.springframework.amqp.rabbit.RabbitListenerEndpointContainer#0-1]&amp#27;[0;39m &amp#27;[33mc.f.p.s.PaymentPersistenceService&amp#27;[0;39m - Persisted INVALID payment message. id=c4e512cb-7e21-4700-8fab-f83078924def
2026-05-01 07:48:24.095 &amp#27;[31mWARN &amp#27;[0;39m &amp#27;[36m[org.springframework.amqp.rabbit.RabbitListenerEndpointContainer#0-1]&amp#27;[0;39m &amp#27;[33mc.f.p.service.PaymentRoutingService&amp#27;[0;39m - Routed INVALID message to 'fx.payment.invalid'. reason=XSD validation failed: FATAL: Content is not allowed in prolog.; Content is not allowed in prolog.
2026-05-01 07:48:26.882 &amp#27;[1;31mERROR&amp#27;[0;39m &amp#27;[36m[main]&amp#27;[0;39m &amp#27;[33mc.f.c.execution.TestOrchestrator&amp#27;[0;39m - [HP-003] TIMEOUT – Condition with alias '[HP-003] PROCESSED in AUT DB' didn't complete within 15 seconds because condition with Lambda expression in com.fx.csvtest.execution.TestOrchestrator was not fulfilled.
2026-05-01 07:48:26.883 &amp#27;[34mINFO &amp#27;[0;39m &amp#27;[36m[main]&amp#27;[0;39m &amp#27;[33mc.f.c.execution.TestOrchestrator&amp#27;[0;39m - ✗ [HP-003] FAIL (15089ms)
2026-05-01 07:48:26.883 &amp#27;[39mDEBUG&amp#27;[0;39m &amp#27;[36m[main]&amp#27;[0;39m &amp#27;[33mc.fx.csvtest.xml.Pacs009XmlFactory&amp#27;[0;39m - Built XML for test HP-004: 1340 chars
2026-05-01 07:48:26.883 &amp#27;[34mINFO &amp#27;[0;39m &amp#27;[36m[main]&amp#27;[0;39m &amp#27;[33mc.f.c.execution.TestOrchestrator&amp#27;[0;39m - ▶ Executing [HP-004] All optional fields present - full message (VALID)
2026-05-01 07:48:26.884 &amp#27;[39mDEBUG&amp#27;[0;39m &amp#27;[36m[main]&amp#27;[0;39m &amp#27;[33mc.f.c.execution.TestOrchestrator&amp#27;[0;39m - [HP-004] Sent to fx.pacs009.inbound
2026-05-01 07:48:39.353 &amp#27;[34mINFO &amp#27;[0;39m &amp#27;[36m[org.springframework.amqp.rabbit.RabbitListenerEndpointContainer#0-1]&amp#27;[0;39m &amp#27;[33mc.f.p.l.Pacs009MessageListener&amp#27;[0;39m - Received message on 'fx.pacs009.inbound' (len=911)
2026-05-01 07:48:39.353 &amp#27;[34mINFO &amp#27;[0;39m &amp#27;[36m[org.springframework.amqp.rabbit.RabbitListenerEndpointContainer#0-1]&amp#27;[0;39m &amp#27;[33mc.f.p.o.PaymentOrchestrationService&amp#27;[0;39m - Processing inbound pacs.009 message (len=911)
2026-05-01 07:48:39.365 &amp#27;[34mINFO &amp#27;[0;39m &amp#27;[36m[org.springframework.amqp.rabbit.RabbitListenerEndpointContainer#0-1]&amp#27;[0;39m &amp#27;[33mc.f.p.s.PaymentPersistenceService&amp#27;[0;39m - Persisted valid payment. id=7cc30a48-cf9a-4557-9124-382192d837a9 msgId=MSG-CB-TXN-003 txId=CB-TXN-003
2026-05-01 07:48:39.367 &amp#27;[34mINFO &amp#27;[0;39m &amp#27;[36m[org.springframework.amqp.rabbit.RabbitListenerEndpointContainer#0-1]&amp#27;[0;39m &amp#27;[33mc.f.p.s.PaymentTransformationService&amp#27;[0;39m - Transformed pacs.009 → DomainPayment. paymentId=7cc30a48-cf9a-4557-9124-382192d837a9 settlement=1000000.00USD
2026-05-01 07:48:39.373 &amp#27;[34mINFO &amp#27;[0;39m &amp#27;[36m[org.springframework.amqp.rabbit.RabbitListenerEndpointContainer#0-1]&amp#27;[0;39m &amp#27;[33mc.f.p.service.PaymentRoutingService&amp#27;[0;39m - Routed VALID payment to 'fx.payment.valid'. paymentId=7cc30a48-cf9a-4557-9124-382192d837a9
2026-05-01 07:48:39.377 &amp#27;[34mINFO &amp#27;[0;39m &amp#27;[36m[org.springframework.amqp.rabbit.RabbitListenerEndpointContainer#0-1]&amp#27;[0;39m &amp#27;[33mc.f.p.o.PaymentOrchestrationService&amp#27;[0;39m - Payment processed successfully. paymentId=7cc30a48-cf9a-4557-9124-382192d837a9
2026-05-01 07:48:41.904 &amp#27;[1;31mERROR&amp#27;[0;39m &amp#27;[36m[main]&amp#27;[0;39m &amp#27;[33mc.f.c.execution.TestOrchestrator&amp#27;[0;39m - [HP-004] TIMEOUT – Condition with alias '[HP-004] PROCESSED in AUT DB' didn't complete within 15 seconds because condition with Lambda expression in com.fx.csvtest.execution.TestOrchestrator was not fulfilled.
2026-05-01 07:48:41.906 &amp#27;[34mINFO &amp#27;[0;39m &amp#27;[36m[main]&amp#27;[0;39m &amp#27;[33mc.f.c.execution.TestOrchestrator&amp#27;[0;39m - ✗ [HP-004] FAIL (15021ms)
2026-05-01 07:48:41.907 &amp#27;[39mDEBUG&amp#27;[0;39m &amp#27;[36m[main]&amp#27;[0;39m &amp#27;[33mc.fx.csvtest.xml.Pacs009XmlFactory&amp#27;[0;39m - Built XML for test HP-005: 907 chars
2026-05-01 07:48:41.907 &amp#27;[34mINFO &amp#27;[0;39m &amp#27;[36m[main]&amp#27;[0;39m &amp#27;[33mc.f.c.execution.TestOrchestrator&amp#27;[0;39m - ▶ Executing [HP-005] Minimum required fields only (VALID)
2026-05-01 07:48:41.908 &amp#27;[39mDEBUG&amp#27;[0;39m &amp#27;[36m[main]&amp#27;[0;39m &amp#27;[33mc.f.c.execution.TestOrchestrator&amp#27;[0;39m - [HP-005] Sent to fx.pacs009.inbound
2026-05-01 07:48:54.531 &amp#27;[34mINFO &amp#27;[0;39m &amp#27;[36m[org.springframework.amqp.rabbit.RabbitListenerEndpointContainer#0-1]&amp#27;[0;39m &amp#27;[33mc.f.p.l.Pacs009MessageListener&amp#27;[0;39m - Received message on 'fx.pacs009.inbound' (len=941)
2026-05-01 07:48:54.532 &amp#27;[34mINFO &amp#27;[0;39m &amp#27;[36m[org.springframework.amqp.rabbit.RabbitListenerEndpointContainer#0-1]&amp#27;[0;39m &amp#27;[33mc.f.p.o.PaymentOrchestrationService&amp#27;[0;39m - Processing inbound pacs.009 message (len=941)
2026-05-01 07:48:54.534 &amp#27;[34mINFO &amp#27;[0;39m &amp#27;[36m[org.springframework.amqp.rabbit.RabbitListenerEndpointContainer#0-1]&amp#27;[0;39m &amp#27;[33mc.f.p.s.PaymentPersistenceService&amp#27;[0;39m - Persisted valid payment. id=e5dd4c54-0bd6-4126-9301-c4aa7b9ed229 msgId=MSG-XR-TXN-005 txId=XR-TXN-005
2026-05-01 07:48:54.535 &amp#27;[34mINFO &amp#27;[0;39m &amp#27;[36m[org.springframework.amqp.rabbit.RabbitListenerEndpointContainer#0-1]&amp#27;[0;39m &amp#27;[33mc.f.p.s.PaymentTransformationService&amp#27;[0;39m - Transformed pacs.009 → DomainPayment. paymentId=e5dd4c54-0bd6-4126-9301-c4aa7b9ed229 settlement=1000000.00USD
2026-05-01 07:48:54.535 &amp#27;[34mINFO &amp#27;[0;39m &amp#27;[36m[org.springframework.amqp.rabbit.RabbitListenerEndpointContainer#0-1]&amp#27;[0;39m &amp#27;[33mc.f.p.service.PaymentRoutingService&amp#27;[0;39m - Routed VALID payment to 'fx.payment.valid'. paymentId=e5dd4c54-0bd6-4126-9301-c4aa7b9ed229
2026-05-01 07:48:54.537 &amp#27;[34mINFO &amp#27;[0;39m &amp#27;[36m[org.springframework.amqp.rabbit.RabbitListenerEndpointContainer#0-1]&amp#27;[0;39m &amp#27;[33mc.f.p.o.PaymentOrchestrationService&amp#27;[0;39m - Payment processed successfully. paymentId=e5dd4c54-0bd6-4126-9301-c4aa7b9ed229
2026-05-01 07:48:56.934 &amp#27;[1;31mERROR&amp#27;[0;39m &amp#27;[36m[main]&amp#27;[0;39m &amp#27;[33mc.f.c.execution.TestOrchestrator&amp#27;[0;39m - [HP-005] TIMEOUT – Condition with alias '[HP-005] PROCESSED in AUT DB' didn't complete within 15 seconds because condition with Lambda expression in com.fx.csvtest.execution.TestOrchestrator was not fulfilled.
2026-05-01 07:48:56.936 &amp#27;[34mINFO &amp#27;[0;39m &amp#27;[36m[main]&amp#27;[0;39m &amp#27;[33mc.f.c.execution.TestOrchestrator&amp#27;[0;39m - ✗ [HP-005] FAIL (15027ms)
2026-05-01 07:48:56.936 &amp#27;[39mDEBUG&amp#27;[0;39m &amp#27;[36m[main]&amp#27;[0;39m &amp#27;[33mc.fx.csvtest.xml.Pacs009XmlFactory&amp#27;[0;39m - Built XML for test HP-006: 1086 chars
2026-05-01 07:48:56.936 &amp#27;[34mINFO &amp#27;[0;39m &amp#27;[36m[main]&amp#27;[0;39m &amp#27;[33mc.f.c.execution.TestOrchestrator&amp#27;[0;39m - ▶ Executing [HP-006] GBP domestic transfer - zero exchange rate (VALID)
2026-05-01 07:48:56.937 &amp#27;[39mDEBUG&amp#27;[0;39m &amp#27;[36m[main]&amp#27;[0;39m &amp#27;[33mc.f.c.execution.TestOrchestrator&amp#27;[0;39m - [HP-006] Sent to fx.pacs009.inbound
2026-05-01 07:49:11.986 &amp#27;[1;31mERROR&amp#27;[0;39m &amp#27;[36m[main]&amp#27;[0;39m &amp#27;[33mc.f.c.execution.TestOrchestrator&amp#27;[0;39m - [HP-006] TIMEOUT – Condition with alias '[HP-006] PROCESSED in AUT DB' didn't complete within 15 seconds because condition with Lambda expression in com.fx.csvtest.execution.TestOrchestrator was not fulfilled.
2026-05-01 07:49:11.991 &amp#27;[34mINFO &amp#27;[0;39m &amp#27;[36m[main]&amp#27;[0;39m &amp#27;[33mc.f.c.execution.TestOrchestrator&amp#27;[0;39m - ✗ [HP-006] FAIL (15050ms)
2026-05-01 07:49:11.991 &amp#27;[39mDEBUG&amp#27;[0;39m &amp#27;[36m[main]&amp#27;[0;39m &amp#27;[33mc.fx.csvtest.xml.Pacs009XmlFactory&amp#27;[0;39m - Built XML for test HP-007: 1041 chars
2026-05-01 07:49:11.991 &amp#27;[34mINFO &amp#27;[0;39m &amp#27;[36m[main]&amp#27;[0;39m &amp#27;[33mc.f.c.execution.TestOrchestrator&amp#27;[0;39m - ▶ Executing [HP-007] AUD/USD via COVE cover method (VALID)
2026-05-01 07:49:11.993 &amp#27;[39mDEBUG&amp#27;[0;39m &amp#27;[36m[main]&amp#27;[0;39m &amp#27;[33mc.f.c.execution.TestOrchestrator&amp#27;[0;39m - [HP-007] Sent to fx.pacs009.inbound
2026-05-01 07:49:12.000 &amp#27;[34mINFO &amp#27;[0;39m &amp#27;[36m[org.springframework.amqp.rabbit.RabbitListenerEndpointContainer#0-1]&amp#27;[0;39m &amp#27;[33mc.f.p.l.Pacs009MessageListener&amp#27;[0;39m - Received message on 'fx.pacs009.inbound' (len=946)
2026-05-01 07:49:12.000 &amp#27;[34mINFO &amp#27;[0;39m &amp#27;[36m[org.springframework.amqp.rabbit.RabbitListenerEndpointContainer#0-1]&amp#27;[0;39m &amp#27;[33mc.f.p.o.PaymentOrchestrationService&amp#27;[0;39m - Processing inbound pacs.009 message (len=946)
2026-05-01 07:49:12.003 &amp#27;[31mWARN &amp#27;[0;39m &amp#27;[36m[org.springframework.amqp.rabbit.RabbitListenerEndpointContainer#0-1]&amp#27;[0;39m &amp#27;[33mc.f.p.s.Pacs009ValidationService&amp#27;[0;39m - Pacs.009 message failed validation. Errors: [ERROR line 24: cvc-maxLength-valid: Value 'ChrgBr' with length = '6' is not facet-valid with respect to maxLength '4' for type 'ExternalPurpose1Code'., ERROR line 24: cvc-type.3.1.3: The value 'ChrgBr' of element 'Cd' is not valid.]
2026-05-01 07:49:12.003 &amp#27;[31mWARN &amp#27;[0;39m &amp#27;[36m[org.springframework.amqp.rabbit.RabbitListenerEndpointContainer#0-1]&amp#27;[0;39m &amp#27;[33mc.f.p.o.PaymentOrchestrationService&amp#27;[0;39m - Payment validation failed: XSD validation failed: ERROR line 24: cvc-maxLength-valid: Value 'ChrgBr' with length = '6' is not facet-valid with respect to maxLength '4' for type 'ExternalPurpose1Code'.; ERROR line 24: cvc-type.3.1.3: The value 'ChrgBr' of element 'Cd' is not valid.
2026-05-01 07:49:12.004 &amp#27;[31mWARN &amp#27;[0;39m &amp#27;[36m[org.springframework.amqp.rabbit.RabbitListenerEndpointContainer#0-1]&amp#27;[0;39m &amp#27;[33mc.f.p.s.PaymentPersistenceService&amp#27;[0;39m - Persisted INVALID payment message. id=3f5b1f4a-73cf-4ba0-a738-380579e1c8fb
2026-05-01 07:49:12.005 &amp#27;[31mWARN &amp#27;[0;39m &amp#27;[36m[org.springframework.amqp.rabbit.RabbitListenerEndpointContainer#0-1]&amp#27;[0;39m &amp#27;[33mc.f.p.service.PaymentRoutingService&amp#27;[0;39m - Routed INVALID message to 'fx.payment.invalid'. reason=XSD validation failed: ERROR line 24: cvc-maxLength-valid: Value 'ChrgBr' with length = '6' is not facet-valid with respect to maxLength '4' for type 'ExternalPurpose1Code'.; ERROR line 24: cvc-type.3…
2026-05-01 07:49:27.061 &amp#27;[1;31mERROR&amp#27;[0;39m &amp#27;[36m[main]&amp#27;[0;39m &amp#27;[33mc.f.c.execution.TestOrchestrator&amp#27;[0;39m - [HP-007] TIMEOUT – Condition with alias '[HP-007] PROCESSED in AUT DB' didn't complete within 15 seconds because condition with Lambda expression in com.fx.csvtest.execution.TestOrchestrator was not fulfilled.
2026-05-01 07:49:27.063 &amp#27;[34mINFO &amp#27;[0;39m &amp#27;[36m[main]&amp#27;[0;39m &amp#27;[33mc.f.c.execution.TestOrchestrator&amp#27;[0;39m - ✗ [HP-007] FAIL (15070ms)
2026-05-01 07:49:27.064 &amp#27;[39mDEBUG&amp#27;[0;39m &amp#27;[36m[main]&amp#27;[0;39m &amp#27;[33mc.fx.csvtest.xml.Pacs009XmlFactory&amp#27;[0;39m - Built XML for test HP-008: 997 chars
2026-05-01 07:49:27.064 &amp#27;[34mINFO &amp#27;[0;39m &amp#27;[36m[main]&amp#27;[0;39m &amp#27;[33mc.f.c.execution.TestOrchestrator&amp#27;[0;39m - ▶ Executing [HP-008] SGD small-value interbank payment (VALID)
2026-05-01 07:49:27.065 &amp#27;[39mDEBUG&amp#27;[0;39m &amp#27;[36m[main]&amp#27;[0;39m &amp#27;[33mc.f.c.execution.TestOrchestrator&amp#27;[0;39m - [HP-008] Sent to fx.pacs009.inbound
2026-05-01 07:49:39.886 &amp#27;[34mINFO &amp#27;[0;39m &amp#27;[36m[org.springframework.amqp.rabbit.RabbitListenerEndpointContainer#0-1]&amp#27;[0;39m &amp#27;[33mc.f.p.l.Pacs009MessageListener&amp#27;[0;39m - Received message on 'fx.pacs009.inbound' (len=1231)
2026-05-01 07:49:39.887 &amp#27;[34mINFO &amp#27;[0;39m &amp#27;[36m[org.springframework.amqp.rabbit.RabbitListenerEndpointContainer#0-1]&amp#27;[0;39m &amp#27;[33mc.f.p.o.PaymentOrchestrationService&amp#27;[0;39m - Processing inbound pacs.009 message (len=1231)
2026-05-01 07:49:39.891 &amp#27;[34mINFO &amp#27;[0;39m &amp#27;[36m[org.springframework.amqp.rabbit.RabbitListenerEndpointContainer#0-1]&amp#27;[0;39m &amp#27;[33mc.f.p.s.PaymentPersistenceService&amp#27;[0;39m - Persisted valid payment. id=c9e08684-8ed6-4165-8475-fb008b6d437b msgId=MSG-DM-TXN-003 txId=DM-TXN-003
2026-05-01 07:49:39.892 &amp#27;[34mINFO &amp#27;[0;39m &amp#27;[36m[org.springframework.amqp.rabbit.RabbitListenerEndpointContainer#0-1]&amp#27;[0;39m &amp#27;[33mc.f.p.s.PaymentTransformationService&amp#27;[0;39m - Transformed pacs.009 → DomainPayment. paymentId=c9e08684-8ed6-4165-8475-fb008b6d437b settlement=999999.99999EUR
2026-05-01 07:49:39.892 &amp#27;[34mINFO &amp#27;[0;39m &amp#27;[36m[org.springframework.amqp.rabbit.RabbitListenerEndpointContainer#0-1]&amp#27;[0;39m &amp#27;[33mc.f.p.service.PaymentRoutingService&amp#27;[0;39m - Routed VALID payment to 'fx.payment.valid'. paymentId=c9e08684-8ed6-4165-8475-fb008b6d437b
2026-05-01 07:49:39.893 &amp#27;[34mINFO &amp#27;[0;39m &amp#27;[36m[org.springframework.amqp.rabbit.RabbitListenerEndpointContainer#0-1]&amp#27;[0;39m &amp#27;[33mc.f.p.o.PaymentOrchestrationService&amp#27;[0;39m - Payment processed successfully. paymentId=c9e08684-8ed6-4165-8475-fb008b6d437b
2026-05-01 07:49:42.075 &amp#27;[1;31mERROR&amp#27;[0;39m &amp#27;[36m[main]&amp#27;[0;39m &amp#27;[33mc.f.c.execution.TestOrchestrator&amp#27;[0;39m - [HP-008] TIMEOUT – Condition with alias '[HP-008] PROCESSED in AUT DB' didn't complete within 15 seconds because condition with Lambda expression in com.fx.csvtest.execution.TestOrchestrator was not fulfilled.
2026-05-01 07:49:42.077 &amp#27;[34mINFO &amp#27;[0;39m &amp#27;[36m[main]&amp#27;[0;39m &amp#27;[33mc.f.c.execution.TestOrchestrator&amp#27;[0;39m - ✗ [HP-008] FAIL (15011ms)
2026-05-01 07:49:42.077 &amp#27;[39mDEBUG&amp#27;[0;39m &amp#27;[36m[main]&amp#27;[0;39m &amp#27;[33mc.fx.csvtest.xml.Pacs009XmlFactory&amp#27;[0;39m - Built XML for test AMT-001: 905 chars
2026-05-01 07:49:42.077 &amp#27;[34mINFO &amp#27;[0;39m &amp#27;[36m[main]&amp#27;[0;39m &amp#27;[33mc.f.c.execution.TestOrchestrator&amp#27;[0;39m - ▶ Executing [AMT-001] Amount: zero (minInclusive=0) - VALID (VALID)
2026-05-01 07:49:42.079 &amp#27;[39mDEBUG&amp#27;[0;39m &amp#27;[36m[main]&amp#27;[0;39m &amp#27;[33mc.f.c.execution.TestOrchestrator&amp#27;[0;39m - [AMT-001] Sent to fx.pacs009.inbound
2026-05-01 07:49:57.122 &amp#27;[1;31mERROR&amp#27;[0;39m &amp#27;[36m[main]&amp#27;[0;39m &amp#27;[33mc.f.c.execution.TestOrchestrator&amp#27;[0;39m - [AMT-001] TIMEOUT – Condition with alias '[AMT-001] PROCESSED in AUT DB' didn't complete within 15 seconds because condition with Lambda expression in com.fx.csvtest.execution.TestOrchestrator was not fulfilled.
2026-05-01 07:49:57.125 &amp#27;[34mINFO &amp#27;[0;39m &amp#27;[36m[main]&amp#27;[0;39m &amp#27;[33mc.f.c.execution.TestOrchestrator&amp#27;[0;39m - ✗ [AMT-001] FAIL (15045ms)
2026-05-01 07:49:57.125 &amp#27;[39mDEBUG&amp#27;[0;39m &amp#27;[36m[main]&amp#27;[0;39m &amp#27;[33mc.fx.csvtest.xml.Pacs009XmlFactory&amp#27;[0;39m - Built XML for test AMT-002: 911 chars
2026-05-01 07:49:57.125 &amp#27;[34mINFO &amp#27;[0;39m &amp#27;[36m[main]&amp#27;[0;39m &amp#27;[33mc.f.c.execution.TestOrchestrator&amp#27;[0;39m - ▶ Executing [AMT-002] Amount: 0.00001 (minimum fractional 5dp) - VALID (VALID)
2026-05-01 07:49:57.126 &amp#27;[39mDEBUG&amp#27;[0;39m &amp#27;[36m[main]&amp#27;[0;39m &amp#27;[33mc.f.c.execution.TestOrchestrator&amp#27;[0;39m - [AMT-002] Sent to fx.pacs009.inbound
2026-05-01 07:49:57.280 &amp#27;[34mINFO &amp#27;[0;39m &amp#27;[36m[org.springframework.amqp.rabbit.RabbitListenerEndpointContainer#0-1]&amp#27;[0;39m &amp#27;[33mc.f.p.l.Pacs009MessageListener&amp#27;[0;39m - Received message on 'fx.pacs009.inbound' (len=911)
2026-05-01 07:49:57.280 &amp#27;[34mINFO &amp#27;[0;39m &amp#27;[36m[org.springframework.amqp.rabbit.RabbitListenerEndpointContainer#0-1]&amp#27;[0;39m &amp#27;[33mc.f.p.o.PaymentOrchestrationService&amp#27;[0;39m - Processing inbound pacs.009 message (len=911)
2026-05-01 07:49:57.283 &amp#27;[34mINFO &amp#27;[0;39m &amp#27;[36m[org.springframework.amqp.rabbit.RabbitListenerEndpointContainer#0-1]&amp#27;[0;39m &amp#27;[33mc.f.p.s.PaymentPersistenceService&amp#27;[0;39m - Persisted valid payment. id=929326a2-d2b2-4c74-b03c-db427f1a68f4 msgId=MSG-DT-TXN-004 txId=DT-TXN-004
2026-05-01 07:49:57.284 &amp#27;[34mINFO &amp#27;[0;39m &amp#27;[36m[org.springframework.amqp.rabbit.RabbitListenerEndpointContainer#0-1]&amp#27;[0;39m &amp#27;[33mc.f.p.s.PaymentTransformationService&amp#27;[0;39m - Transformed pacs.009 → DomainPayment. paymentId=929326a2-d2b2-4c74-b03c-db427f1a68f4 settlement=1000000.00USD
2026-05-01 07:49:57.284 &amp#27;[34mINFO &amp#27;[0;39m &amp#27;[36m[org.springframework.amqp.rabbit.RabbitListenerEndpointContainer#0-1]&amp#27;[0;39m &amp#27;[33mc.f.p.service.PaymentRoutingService&amp#27;[0;39m - Routed VALID payment to 'fx.payment.valid'. paymentId=929326a2-d2b2-4c74-b03c-db427f1a68f4
2026-05-01 07:49:57.286 &amp#27;[34mINFO &amp#27;[0;39m &amp#27;[36m[org.springframework.amqp.rabbit.RabbitListenerEndpointContainer#0-1]&amp#27;[0;39m &amp#27;[33mc.f.p.o.PaymentOrchestrationService&amp#27;[0;39m - Payment processed successfully. paymentId=929326a2-d2b2-4c74-b03c-db427f1a68f4
2026-05-01 07:50:12.215 &amp#27;[1;31mERROR&amp#27;[0;39m &amp#27;[36m[main]&amp#27;[0;39m &amp#27;[33mc.f.c.execution.TestOrchestrator&amp#27;[0;39m - [AMT-002] TIMEOUT – Condition with alias '[AMT-002] PROCESSED in AUT DB' didn't complete within 15 seconds because condition with Lambda expression in com.fx.csvtest.execution.TestOrchestrator was not fulfilled.
2026-05-01 07:50:12.220 &amp#27;[34mINFO &amp#27;[0;39m &amp#27;[36m[main]&amp#27;[0;39m &amp#27;[33mc.f.c.execution.TestOrchestrator&amp#27;[0;39m - ✗ [AMT-002] FAIL (15090ms)
2026-05-01 07:50:12.221 &amp#27;[39mDEBUG&amp#27;[0;39m &amp#27;[36m[main]&amp#27;[0;39m &amp#27;[33mc.fx.csvtest.xml.Pacs009XmlFactory&amp#27;[0;39m - Built XML for test AMT-003: 905 chars
2026-05-01 07:50:12.221 &amp#27;[34mINFO &amp#27;[0;39m &amp#27;[36m[main]&amp#27;[0;39m &amp#27;[33mc.f.c.execution.TestOrchestrator&amp#27;[0;39m - ▶ Executing [AMT-003] Amount: 1 (integer) - VALID (VALID)
2026-05-01 07:50:12.222 &amp#27;[39mDEBUG&amp#27;[0;39m &amp#27;[36m[main]&amp#27;[0;39m &amp#27;[33mc.f.c.execution.TestOrchestrator&amp#27;[0;39m - [AMT-003] Sent to fx.pacs009.inbound
2026-05-01 07:50:27.256 &amp#27;[1;31mERROR&amp#27;[0;39m &amp#27;[36m[main]&amp#27;[0;39m &amp#27;[33mc.f.c.execution.TestOrchestrator&amp#27;[0;39m - [AMT-003] TIMEOUT – Condition with alias '[AMT-003] PROCESSED in AUT DB' didn't complete within 15 seconds because condition with Lambda expression in com.fx.csvtest.execution.TestOrchestrator was not fulfilled.
2026-05-01 07:50:27.259 &amp#27;[34mINFO &amp#27;[0;39m &amp#27;[36m[main]&amp#27;[0;39m &amp#27;[33mc.f.c.execution.TestOrchestrator&amp#27;[0;39m - ✗ [AMT-003] FAIL (15036ms)
2026-05-01 07:50:27.259 &amp#27;[39mDEBUG&amp#27;[0;39m &amp#27;[36m[main]&amp#27;[0;39m &amp#27;[33mc.fx.csvtest.xml.Pacs009XmlFactory&amp#27;[0;39m - Built XML for test AMT-004: 914 chars
2026-05-01 07:50:27.259 &amp#27;[34mINFO &amp#27;[0;39m &amp#27;[36m[main]&amp#27;[0;39m &amp#27;[33mc.f.c.execution.TestOrchestrator&amp#27;[0;39m - ▶ Executing [AMT-004] Amount: 1000000.00 (standard FX amount) - VALID (VALID)
2026-05-01 07:50:27.260 &amp#27;[39mDEBUG&amp#27;[0;39m &amp#27;[36m[main]&amp#27;[0;39m &amp#27;[33mc.f.c.execution.TestOrchestrator&amp#27;[0;39m - [AMT-004] Sent to fx.pacs009.inbound
2026-05-01 07:50:27.376 &amp#27;[34mINFO &amp#27;[0;39m &amp#27;[36m[org.springframework.amqp.rabbit.RabbitListenerEndpointContainer#0-1]&amp#27;[0;39m &amp#27;[33mc.f.p.l.Pacs009MessageListener&amp#27;[0;39m - Received message on 'fx.pacs009.inbound' (len=911)
2026-05-01 07:50:27.376 &amp#27;[34mINFO &amp#27;[0;39m &amp#27;[36m[org.springframework.amqp.rabbit.RabbitListenerEndpointContainer#0-1]&amp#27;[0;39m &amp#27;[33mc.f.p.o.PaymentOrchestrationService&amp#27;[0;39m - Processing inbound pacs.009 message (len=911)
2026-05-01 07:50:27.378 &amp#27;[31mWARN &amp#27;[0;39m &amp#27;[36m[org.springframework.amqp.rabbit.RabbitListenerEndpointContainer#0-1]&amp#27;[0;39m &amp#27;[33mc.f.p.s.Pacs009ValidationService&amp#27;[0;39m - Pacs.009 message failed validation. Errors: [ERROR line 18: cvc-datatype-valid.1.2.1: '2024/04/17' is not a valid value for 'date'., ERROR line 18: cvc-type.3.1.3: The value '2024/04/17' of element 'IntrBkSttlmDt' is not valid.]
2026-05-01 07:50:27.378 &amp#27;[31mWARN &amp#27;[0;39m &amp#27;[36m[org.springframework.amqp.rabbit.RabbitListenerEndpointContainer#0-1]&amp#27;[0;39m &amp#27;[33mc.f.p.o.PaymentOrchestrationService&amp#27;[0;39m - Payment validation failed: XSD validation failed: ERROR line 18: cvc-datatype-valid.1.2.1: '2024/04/17' is not a valid value for 'date'.; ERROR line 18: cvc-type.3.1.3: The value '2024/04/17' of element 'IntrBkSttlmDt' is not valid.
2026-05-01 07:50:27.378 &amp#27;[31mWARN &amp#27;[0;39m &amp#27;[36m[org.springframework.amqp.rabbit.RabbitListenerEndpointContainer#0-1]&amp#27;[0;39m &amp#27;[33mc.f.p.s.PaymentPersistenceService&amp#27;[0;39m - Persisted INVALID payment message. id=76d73cd5-7fe7-4b90-b19e-38fe7b396cc9
2026-05-01 07:50:27.379 &amp#27;[31mWARN &amp#27;[0;39m &amp#27;[36m[org.springframework.amqp.rabbit.RabbitListenerEndpointContainer#0-1]&amp#27;[0;39m &amp#27;[33mc.f.p.service.PaymentRoutingService&amp#27;[0;39m - Routed INVALID message to 'fx.payment.invalid'. reason=XSD validation failed: ERROR line 18: cvc-datatype-valid.1.2.1: '2024/04/17' is not a valid value for 'date'.; ERROR line 18: cvc-type.3.1.3: The value '2024/04/17' of element 'IntrBkSttlmDt' is not v…
2026-05-01 07:50:42.327 &amp#27;[1;31mERROR&amp#27;[0;39m &amp#27;[36m[main]&amp#27;[0;39m &amp#27;[33mc.f.c.execution.TestOrchestrator&amp#27;[0;39m - [AMT-004] TIMEOUT – Condition with alias '[AMT-004] PROCESSED in AUT DB' didn't complete within 15 seconds because condition with Lambda expression in com.fx.csvtest.execution.TestOrchestrator was not fulfilled.
2026-05-01 07:50:42.328 &amp#27;[34mINFO &amp#27;[0;39m &amp#27;[36m[main]&amp#27;[0;39m &amp#27;[33mc.f.c.execution.TestOrchestrator&amp#27;[0;39m - ✗ [AMT-004] FAIL (15068ms)
2026-05-01 07:50:42.328 &amp#27;[39mDEBUG&amp#27;[0;39m &amp#27;[36m[main]&amp#27;[0;39m &amp#27;[33mc.fx.csvtest.xml.Pacs009XmlFactory&amp#27;[0;39m - Built XML for test AMT-005: 923 chars
2026-05-01 07:50:42.329 &amp#27;[34mINFO &amp#27;[0;39m &amp#27;[36m[main]&amp#27;[0;39m &amp#27;[33mc.f.c.execution.TestOrchestrator&amp#27;[0;39m - ▶ Executing [AMT-005] Amount: 9999999999999.99999 (near max 18 total digits) - VALID (VALID)
2026-05-01 07:50:42.329 &amp#27;[39mDEBUG&amp#27;[0;39m &amp#27;[36m[main]&amp#27;[0;39m &amp#27;[33mc.f.c.execution.TestOrchestrator&amp#27;[0;39m - [AMT-005] Sent to fx.pacs009.inbound
2026-05-01 07:50:57.365 &amp#27;[1;31mERROR&amp#27;[0;39m &amp#27;[36m[main]&amp#27;[0;39m &amp#27;[33mc.f.c.execution.TestOrchestrator&amp#27;[0;39m - [AMT-005] TIMEOUT – Condition with alias '[AMT-005] PROCESSED in AUT DB' didn't complete within 15 seconds because condition with Lambda expression in com.fx.csvtest.execution.TestOrchestrator was not fulfilled.
2026-05-01 07:50:57.367 &amp#27;[34mINFO &amp#27;[0;39m &amp#27;[36m[main]&amp#27;[0;39m &amp#27;[33mc.f.c.execution.TestOrchestrator&amp#27;[0;39m - ✗ [AMT-005] FAIL (15036ms)
2026-05-01 07:50:57.367 &amp#27;[39mDEBUG&amp#27;[0;39m &amp#27;[36m[main]&amp#27;[0;39m &amp#27;[33mc.fx.csvtest.xml.Pacs009XmlFactory&amp#27;[0;39m - Built XML for test AMT-006: 911 chars
2026-05-01 07:50:57.367 &amp#27;[34mINFO &amp#27;[0;39m &amp#27;[36m[main]&amp#27;[0;39m &amp#27;[33mc.f.c.execution.TestOrchestrator&amp#27;[0;39m - ▶ Executing [AMT-006] Amount: 1.12345 (exactly 5 decimal places) - VALID (VALID)
2026-05-01 07:50:57.368 &amp#27;[39mDEBUG&amp#27;[0;39m &amp#27;[36m[main]&amp#27;[0;39m &amp#27;[33mc.f.c.execution.TestOrchestrator&amp#27;[0;39m - [AMT-006] Sent to fx.pacs009.inbound
2026-05-01 07:50:57.511 &amp#27;[34mINFO &amp#27;[0;39m &amp#27;[36m[org.springframework.amqp.rabbit.RabbitListenerEndpointContainer#0-1]&amp#27;[0;39m &amp#27;[33mc.f.p.l.Pacs009MessageListener&amp#27;[0;39m - Received message on 'fx.pacs009.inbound' (len=953)
2026-05-01 07:50:57.511 &amp#27;[34mINFO &amp#27;[0;39m &amp#27;[36m[org.springframework.amqp.rabbit.RabbitListenerEndpointContainer#0-1]&amp#27;[0;39m &amp#27;[33mc.f.p.o.PaymentOrchestrationService&amp#27;[0;39m - Processing inbound pacs.009 message (len=953)
2026-05-01 07:50:57.512 &amp#27;[31mWARN &amp#27;[0;39m &amp#27;[36m[org.springframework.amqp.rabbit.RabbitListenerEndpointContainer#0-1]&amp#27;[0;39m &amp#27;[33mc.f.p.s.Pacs009ValidationService&amp#27;[0;39m - Pacs.009 message failed validation. Errors: [ERROR line 24: cvc-maxLength-valid: Value 'IntrBkSttlmDt' with length = '13' is not facet-valid with respect to maxLength '4' for type 'ExternalPurpose1Code'., ERROR line 24: cvc-type.3.1.3: The value 'IntrBkSttlmDt' of element 'Cd' is not valid.]
2026-05-01 07:50:57.513 &amp#27;[31mWARN &amp#27;[0;39m &amp#27;[36m[org.springframework.amqp.rabbit.RabbitListenerEndpointContainer#0-1]&amp#27;[0;39m &amp#27;[33mc.f.p.o.PaymentOrchestrationService&amp#27;[0;39m - Payment validation failed: XSD validation failed: ERROR line 24: cvc-maxLength-valid: Value 'IntrBkSttlmDt' with length = '13' is not facet-valid with respect to maxLength '4' for type 'ExternalPurpose1Code'.; ERROR line 24: cvc-type.3.1.3: The value 'IntrBkSttlmDt' of element 'Cd' is not valid.
2026-05-01 07:50:57.513 &amp#27;[31mWARN &amp#27;[0;39m &amp#27;[36m[org.springframework.amqp.rabbit.RabbitListenerEndpointContainer#0-1]&amp#27;[0;39m &amp#27;[33mc.f.p.s.PaymentPersistenceService&amp#27;[0;39m - Persisted INVALID payment message. id=7730e493-4326-4fd2-bd02-e90e81eeb12f
2026-05-01 07:50:57.514 &amp#27;[31mWARN &amp#27;[0;39m &amp#27;[36m[org.springframework.amqp.rabbit.RabbitListenerEndpointContainer#0-1]&amp#27;[0;39m &amp#27;[33mc.f.p.service.PaymentRoutingService&amp#27;[0;39m - Routed INVALID message to 'fx.payment.invalid'. reason=XSD validation failed: ERROR line 24: cvc-maxLength-valid: Value 'IntrBkSttlmDt' with length = '13' is not facet-valid with respect to maxLength '4' for type 'ExternalPurpose1Code'.; ERROR line 24: cv…
2026-05-01 07:51:12.418 &amp#27;[1;31mERROR&amp#27;[0;39m &amp#27;[36m[main]&amp#27;[0;39m &amp#27;[33mc.f.c.execution.TestOrchestrator&amp#27;[0;39m - [AMT-006] TIMEOUT – Condition with alias '[AMT-006] PROCESSED in AUT DB' didn't complete within 15 seconds because condition with Lambda expression in com.fx.csvtest.execution.TestOrchestrator was not fulfilled.
2026-05-01 07:51:12.420 &amp#27;[34mINFO &amp#27;[0;39m &amp#27;[36m[main]&amp#27;[0;39m &amp#27;[33mc.f.c.execution.TestOrchestrator&amp#27;[0;39m - ✗ [AMT-006] FAIL (15051ms)
2026-05-01 07:51:12.420 &amp#27;[39mDEBUG&amp#27;[0;39m &amp#27;[36m[main]&amp#27;[0;39m &amp#27;[33mc.fx.csvtest.xml.Pacs009XmlFactory&amp#27;[0;39m - Built XML for test AMT-007: 909 chars
2026-05-01 07:51:12.420 &amp#27;[34mINFO &amp#27;[0;39m &amp#27;[36m[main]&amp#27;[0;39m &amp#27;[33mc.f.c.execution.TestOrchestrator&amp#27;[0;39m - ▶ Executing [AMT-007] Amount: -0.01 (negative violates minInclusive=0) - INVALID (INVALID)
2026-05-01 07:51:12.421 &amp#27;[39mDEBUG&amp#27;[0;39m &amp#27;[36m[main]&amp#27;[0;39m &amp#27;[33mc.f.c.execution.TestOrchestrator&amp#27;[0;39m - [AMT-007] Sent to fx.pacs009.inbound
2026-05-01 07:51:27.523 &amp#27;[1;31mERROR&amp#27;[0;39m &amp#27;[36m[main]&amp#27;[0;39m &amp#27;[33mc.f.c.execution.TestOrchestrator&amp#27;[0;39m - [AMT-007] TIMEOUT – Condition with alias '[AMT-007] INVALID record in AUT DB' didn't complete within 15 seconds because condition with Lambda expression in com.fx.csvtest.execution.TestOrchestrator was not fulfilled.
2026-05-01 07:51:27.525 &amp#27;[34mINFO &amp#27;[0;39m &amp#27;[36m[main]&amp#27;[0;39m &amp#27;[33mc.f.c.execution.TestOrchestrator&amp#27;[0;39m - ✗ [AMT-007] FAIL (15103ms)
2026-05-01 07:51:27.525 &amp#27;[39mDEBUG&amp#27;[0;39m &amp#27;[36m[main]&amp#27;[0;39m &amp#27;[33mc.fx.csvtest.xml.Pacs009XmlFactory&amp#27;[0;39m - Built XML for test AMT-008: 912 chars
2026-05-01 07:51:27.525 &amp#27;[34mINFO &amp#27;[0;39m &amp#27;[36m[main]&amp#27;[0;39m &amp#27;[33mc.f.c.execution.TestOrchestrator&amp#27;[0;39m - ▶ Executing [AMT-008] Amount: -1000000 (large negative) - INVALID (INVALID)
2026-05-01 07:51:27.525 &amp#27;[39mDEBUG&amp#27;[0;39m &amp#27;[36m[main]&amp#27;[0;39m &amp#27;[33mc.f.c.execution.TestOrchestrator&amp#27;[0;39m - [AMT-008] Sent to fx.pacs009.inbound
2026-05-01 07:51:42.611 &amp#27;[1;31mERROR&amp#27;[0;39m &amp#27;[36m[main]&amp#27;[0;39m &amp#27;[33mc.f.c.execution.TestOrchestrator&amp#27;[0;39m - [AMT-008] TIMEOUT – Condition with alias '[AMT-008] INVALID record in AUT DB' didn't complete within 15 seconds because condition with Lambda expression in com.fx.csvtest.execution.TestOrchestrator was not fulfilled.
2026-05-01 07:51:42.616 &amp#27;[34mINFO &amp#27;[0;39m &amp#27;[36m[main]&amp#27;[0;39m &amp#27;[33mc.f.c.execution.TestOrchestrator&amp#27;[0;39m - ✗ [AMT-008] FAIL (15086ms)
2026-05-01 07:51:42.616 &amp#27;[39mDEBUG&amp#27;[0;39m &amp#27;[36m[main]&amp#27;[0;39m &amp#27;[33mc.fx.csvtest.xml.Pacs009XmlFactory&amp#27;[0;39m - Built XML for test AMT-009: 912 chars
2026-05-01 07:51:42.616 &amp#27;[34mINFO &amp#27;[0;39m &amp#27;[36m[main]&amp#27;[0;39m &amp#27;[33mc.f.c.execution.TestOrchestrator&amp#27;[0;39m - ▶ Executing [AMT-009] Amount: 1.123456 (6 decimal places exceeds fractionDigits=5) - INVALID (INVALID)
2026-05-01 07:51:42.618 &amp#27;[39mDEBUG&amp#27;[0;39m &amp#27;[36m[main]&amp#27;[0;39m &amp#27;[33mc.f.c.execution.TestOrchestrator&amp#27;[0;39m - [AMT-009] Sent to fx.pacs009.inbound
2026-05-01 07:51:42.621 &amp#27;[34mINFO &amp#27;[0;39m &amp#27;[36m[org.springframework.amqp.rabbit.RabbitListenerEndpointContainer#0-1]&amp#27;[0;39m &amp#27;[33mc.f.p.l.Pacs009MessageListener&amp#27;[0;39m - Received message on 'fx.pacs009.inbound' (len=912)
2026-05-01 07:51:42.621 &amp#27;[34mINFO &amp#27;[0;39m &amp#27;[36m[org.springframework.amqp.rabbit.RabbitListenerEndpointContainer#0-1]&amp#27;[0;39m &amp#27;[33mc.f.p.o.PaymentOrchestrationService&amp#27;[0;39m - Processing inbound pacs.009 message (len=912)
2026-05-01 07:51:42.624 &amp#27;[31mWARN &amp#27;[0;39m &amp#27;[36m[org.springframework.amqp.rabbit.RabbitListenerEndpointContainer#0-1]&amp#27;[0;39m &amp#27;[33mc.f.p.s.Pacs009ValidationService&amp#27;[0;39m - Pacs.009 message failed validation. Errors: [ERROR line 17: cvc-fractionDigits-valid: Value '1.123456' has 6 fraction digits, but the number of fraction digits has been limited to 5., ERROR line 17: cvc-complex-type.2.2: Element 'IntrBkSttlmAmt' must have no element [children], and the value must be valid.]
2026-05-01 07:51:42.624 &amp#27;[31mWARN &amp#27;[0;39m &amp#27;[36m[org.springframework.amqp.rabbit.RabbitListenerEndpointContainer#0-1]&amp#27;[0;39m &amp#27;[33mc.f.p.o.PaymentOrchestrationService&amp#27;[0;39m - Payment validation failed: XSD validation failed: ERROR line 17: cvc-fractionDigits-valid: Value '1.123456' has 6 fraction digits, but the number of fraction digits has been limited to 5.; ERROR line 17: cvc-complex-type.2.2: Element 'IntrBkSttlmAmt' must have no element [children], and the value must be valid.
2026-05-01 07:51:42.624 &amp#27;[31mWARN &amp#27;[0;39m &amp#27;[36m[org.springframework.amqp.rabbit.RabbitListenerEndpointContainer#0-1]&amp#27;[0;39m &amp#27;[33mc.f.p.s.PaymentPersistenceService&amp#27;[0;39m - Persisted INVALID payment message. id=365aa83a-204c-4bd3-8ec9-97997d74b790
2026-05-01 07:51:42.625 &amp#27;[31mWARN &amp#27;[0;39m &amp#27;[36m[org.springframework.amqp.rabbit.RabbitListenerEndpointContainer#0-1]&amp#27;[0;39m &amp#27;[33mc.f.p.service.PaymentRoutingService&amp#27;[0;39m - Routed INVALID message to 'fx.payment.invalid'. reason=XSD validation failed: ERROR line 17: cvc-fractionDigits-valid: Value '1.123456' has 6 fraction digits, but the number of fraction digits has been limited to 5.; ERROR line 17: cvc-complex-type.2.2: E…
2026-05-01 07:51:42.733 &amp#27;[34mINFO &amp#27;[0;39m &amp#27;[36m[main]&amp#27;[0;39m &amp#27;[33mc.f.c.execution.TestOrchestrator&amp#27;[0;39m - ✓ [AMT-009] PASS (115ms)
2026-05-01 07:51:42.733 &amp#27;[39mDEBUG&amp#27;[0;39m &amp#27;[36m[main]&amp#27;[0;39m &amp#27;[33mc.fx.csvtest.xml.Pacs009XmlFactory&amp#27;[0;39m - Built XML for test AMT-010: 911 chars
2026-05-01 07:51:42.733 &amp#27;[34mINFO &amp#27;[0;39m &amp#27;[36m[main]&amp#27;[0;39m &amp#27;[33mc.f.c.execution.TestOrchestrator&amp#27;[0;39m - ▶ Executing [AMT-010] Amount: MILLION (non-numeric text) - INVALID (INVALID)
2026-05-01 07:51:42.734 &amp#27;[39mDEBUG&amp#27;[0;39m &amp#27;[36m[main]&amp#27;[0;39m &amp#27;[33mc.f.c.execution.TestOrchestrator&amp#27;[0;39m - [AMT-010] Sent to fx.pacs009.inbound
2026-05-01 07:51:57.829 &amp#27;[1;31mERROR&amp#27;[0;39m &amp#27;[36m[main]&amp#27;[0;39m &amp#27;[33mc.f.c.execution.TestOrchestrator&amp#27;[0;39m - [AMT-010] TIMEOUT – Condition with alias '[AMT-010] INVALID record in AUT DB' didn't complete within 15 seconds because condition with Lambda expression in com.fx.csvtest.execution.TestOrchestrator was not fulfilled.
2026-05-01 07:51:57.830 &amp#27;[34mINFO &amp#27;[0;39m &amp#27;[36m[main]&amp#27;[0;39m &amp#27;[33mc.f.c.execution.TestOrchestrator&amp#27;[0;39m - ✗ [AMT-010] FAIL (15096ms)
2026-05-01 07:51:57.830 &amp#27;[39mDEBUG&amp#27;[0;39m &amp#27;[36m[main]&amp#27;[0;39m &amp#27;[33mc.fx.csvtest.xml.Pacs009XmlFactory&amp#27;[0;39m - Built XML for test AMT-011: 957 chars
2026-05-01 07:51:57.830 &amp#27;[34mINFO &amp#27;[0;39m &amp#27;[36m[main]&amp#27;[0;39m &amp#27;[33mc.f.c.execution.TestOrchestrator&amp#27;[0;39m - ▶ Executing [AMT-011] Amount element missing entirely - INVALID (INVALID)
2026-05-01 07:51:57.831 &amp#27;[39mDEBUG&amp#27;[0;39m &amp#27;[36m[main]&amp#27;[0;39m &amp#27;[33mc.f.c.execution.TestOrchestrator&amp#27;[0;39m - [AMT-011] Sent to fx.pacs009.inbound
2026-05-01 07:51:57.832 &amp#27;[34mINFO &amp#27;[0;39m &amp#27;[36m[org.springframework.amqp.rabbit.RabbitListenerEndpointContainer#0-1]&amp#27;[0;39m &amp#27;[33mc.f.p.l.Pacs009MessageListener&amp#27;[0;39m - Received message on 'fx.pacs009.inbound' (len=957)
2026-05-01 07:51:57.832 &amp#27;[34mINFO &amp#27;[0;39m &amp#27;[36m[org.springframework.amqp.rabbit.RabbitListenerEndpointContainer#0-1]&amp#27;[0;39m &amp#27;[33mc.f.p.o.PaymentOrchestrationService&amp#27;[0;39m - Processing inbound pacs.009 message (len=957)
2026-05-01 07:51:57.833 &amp#27;[31mWARN &amp#27;[0;39m &amp#27;[36m[org.springframework.amqp.rabbit.RabbitListenerEndpointContainer#0-1]&amp#27;[0;39m &amp#27;[33mc.f.p.s.Pacs009ValidationService&amp#27;[0;39m - Pacs.009 message failed validation. Errors: [ERROR line 24: cvc-maxLength-valid: Value 'IntrBkSttlmAmt' with length = '14' is not facet-valid with respect to maxLength '4' for type 'ExternalPurpose1Code'., ERROR line 24: cvc-type.3.1.3: The value 'IntrBkSttlmAmt' of element 'Cd' is not valid.]
2026-05-01 07:51:57.833 &amp#27;[31mWARN &amp#27;[0;39m &amp#27;[36m[org.springframework.amqp.rabbit.RabbitListenerEndpointContainer#0-1]&amp#27;[0;39m &amp#27;[33mc.f.p.o.PaymentOrchestrationService&amp#27;[0;39m - Payment validation failed: XSD validation failed: ERROR line 24: cvc-maxLength-valid: Value 'IntrBkSttlmAmt' with length = '14' is not facet-valid with respect to maxLength '4' for type 'ExternalPurpose1Code'.; ERROR line 24: cvc-type.3.1.3: The value 'IntrBkSttlmAmt' of element 'Cd' is not valid.
2026-05-01 07:51:57.833 &amp#27;[31mWARN &amp#27;[0;39m &amp#27;[36m[org.springframework.amqp.rabbit.RabbitListenerEndpointContainer#0-1]&amp#27;[0;39m &amp#27;[33mc.f.p.s.PaymentPersistenceService&amp#27;[0;39m - Persisted INVALID payment message. id=242da02c-a393-446a-a391-fcf0cd750b89
2026-05-01 07:51:57.834 &amp#27;[31mWARN &amp#27;[0;39m &amp#27;[36m[org.springframework.amqp.rabbit.RabbitListenerEndpointContainer#0-1]&amp#27;[0;39m &amp#27;[33mc.f.p.service.PaymentRoutingService&amp#27;[0;39m - Routed INVALID message to 'fx.payment.invalid'. reason=XSD validation failed: ERROR line 24: cvc-maxLength-valid: Value 'IntrBkSttlmAmt' with length = '14' is not facet-valid with respect to maxLength '4' for type 'ExternalPurpose1Code'.; ERROR line 24: c…
2026-05-01 07:51:57.941 &amp#27;[34mINFO &amp#27;[0;39m &amp#27;[36m[main]&amp#27;[0;39m &amp#27;[33mc.f.c.execution.TestOrchestrator&amp#27;[0;39m - ✓ [AMT-011] PASS (110ms)
2026-05-01 07:51:57.941 &amp#27;[39mDEBUG&amp#27;[0;39m &amp#27;[36m[main]&amp#27;[0;39m &amp#27;[33mc.fx.csvtest.xml.Pacs009XmlFactory&amp#27;[0;39m - Built XML for test AMT-012: 913 chars
2026-05-01 07:51:57.941 &amp#27;[34mINFO &amp#27;[0;39m &amp#27;[36m[main]&amp#27;[0;39m &amp#27;[33mc.f.c.execution.TestOrchestrator&amp#27;[0;39m - ▶ Executing [AMT-012] Amount: 1.1234567 (7 decimal places) - INVALID (INVALID)
2026-05-01 07:51:57.942 &amp#27;[39mDEBUG&amp#27;[0;39m &amp#27;[36m[main]&amp#27;[0;39m &amp#27;[33mc.f.c.execution.TestOrchestrator&amp#27;[0;39m - [AMT-012] Sent to fx.pacs009.inbound
2026-05-01 07:52:13.021 &amp#27;[1;31mERROR&amp#27;[0;39m &amp#27;[36m[main]&amp#27;[0;39m &amp#27;[33mc.f.c.execution.TestOrchestrator&amp#27;[0;39m - [AMT-012] TIMEOUT – Condition with alias '[AMT-012] INVALID record in AUT DB' didn't complete within 15 seconds because condition with Lambda expression in com.fx.csvtest.execution.TestOrchestrator was not fulfilled.
2026-05-01 07:52:13.025 &amp#27;[34mINFO &amp#27;[0;39m &amp#27;[36m[main]&amp#27;[0;39m &amp#27;[33mc.f.c.execution.TestOrchestrator&amp#27;[0;39m - ✗ [AMT-012] FAIL (15081ms)
2026-05-01 07:52:13.026 &amp#27;[39mDEBUG&amp#27;[0;39m &amp#27;[36m[main]&amp#27;[0;39m &amp#27;[33mc.fx.csvtest.xml.Pacs009XmlFactory&amp#27;[0;39m - Built XML for test CCY-001: 914 chars
2026-05-01 07:52:13.026 &amp#27;[34mINFO &amp#27;[0;39m &amp#27;[36m[main]&amp#27;[0;39m &amp#27;[33mc.f.c.execution.TestOrchestrator&amp#27;[0;39m - ▶ Executing [CCY-001] Currency: USD (3-letter standard) - VALID (VALID)
2026-05-01 07:52:13.028 &amp#27;[39mDEBUG&amp#27;[0;39m &amp#27;[36m[main]&amp#27;[0;39m &amp#27;[33mc.f.c.execution.TestOrchestrator&amp#27;[0;39m - [CCY-001] Sent to fx.pacs009.inbound
2026-05-01 07:52:13.081 &amp#27;[34mINFO &amp#27;[0;39m &amp#27;[36m[org.springframework.amqp.rabbit.RabbitListenerEndpointContainer#0-1]&amp#27;[0;39m &amp#27;[33mc.f.p.l.Pacs009MessageListener&amp#27;[0;39m - Received message on 'fx.pacs009.inbound' (len=949)
2026-05-01 07:52:13.081 &amp#27;[34mINFO &amp#27;[0;39m &amp#27;[36m[org.springframework.amqp.rabbit.RabbitListenerEndpointContainer#0-1]&amp#27;[0;39m &amp#27;[33mc.f.p.o.PaymentOrchestrationService&amp#27;[0;39m - Processing inbound pacs.009 message (len=949)
2026-05-01 07:52:13.084 &amp#27;[34mINFO &amp#27;[0;39m &amp#27;[36m[org.springframework.amqp.rabbit.RabbitListenerEndpointContainer#0-1]&amp#27;[0;39m &amp#27;[33mc.f.p.s.PaymentPersistenceService&amp#27;[0;39m - Persisted valid payment. id=81452f12-e834-4c76-9190-504a9155b867 msgId=MSG-XR-TXN-001 txId=XR-TXN-001
2026-05-01 07:52:13.085 &amp#27;[34mINFO &amp#27;[0;39m &amp#27;[36m[org.springframework.amqp.rabbit.RabbitListenerEndpointContainer#0-1]&amp#27;[0;39m &amp#27;[33mc.f.p.s.PaymentTransformationService&amp#27;[0;39m - Transformed pacs.009 → DomainPayment. paymentId=81452f12-e834-4c76-9190-504a9155b867 settlement=1000000.00USD
2026-05-01 07:52:13.085 &amp#27;[34mINFO &amp#27;[0;39m &amp#27;[36m[org.springframework.amqp.rabbit.RabbitListenerEndpointContainer#0-1]&amp#27;[0;39m &amp#27;[33mc.f.p.service.PaymentRoutingService&amp#27;[0;39m - Routed VALID payment to 'fx.payment.valid'. paymentId=81452f12-e834-4c76-9190-504a9155b867
2026-05-01 07:52:13.086 &amp#27;[34mINFO &amp#27;[0;39m &amp#27;[36m[org.springframework.amqp.rabbit.RabbitListenerEndpointContainer#0-1]&amp#27;[0;39m &amp#27;[33mc.f.p.o.PaymentOrchestrationService&amp#27;[0;39m - Payment processed successfully. paymentId=81452f12-e834-4c76-9190-504a9155b867
2026-05-01 07:52:28.079 &amp#27;[1;31mERROR&amp#27;[0;39m &amp#27;[36m[main]&amp#27;[0;39m &amp#27;[33mc.f.c.execution.TestOrchestrator&amp#27;[0;39m - [CCY-001] TIMEOUT – Condition with alias '[CCY-001] PROCESSED in AUT DB' didn't complete within 15 seconds because condition with Lambda expression in com.fx.csvtest.execution.TestOrchestrator was not fulfilled.
2026-05-01 07:52:28.082 &amp#27;[34mINFO &amp#27;[0;39m &amp#27;[36m[main]&amp#27;[0;39m &amp#27;[33mc.f.c.execution.TestOrchestrator&amp#27;[0;39m - ✗ [CCY-001] FAIL (15053ms)
2026-05-01 07:52:28.082 &amp#27;[39mDEBUG&amp#27;[0;39m &amp#27;[36m[main]&amp#27;[0;39m &amp#27;[33mc.fx.csvtest.xml.Pacs009XmlFactory&amp#27;[0;39m - Built XML for test CCY-002: 913 chars
2026-05-01 07:52:28.082 &amp#27;[34mINFO &amp#27;[0;39m &amp#27;[36m[main]&amp#27;[0;39m &amp#27;[33mc.f.c.execution.TestOrchestrator&amp#27;[0;39m - ▶ Executing [CCY-002] Currency: EUR (3-letter standard) - VALID (VALID)
2026-05-01 07:52:28.084 &amp#27;[39mDEBUG&amp#27;[0;39m &amp#27;[36m[main]&amp#27;[0;39m &amp#27;[33mc.f.c.execution.TestOrchestrator&amp#27;[0;39m - [CCY-002] Sent to fx.pacs009.inbound
2026-05-01 07:52:43.114 &amp#27;[1;31mERROR&amp#27;[0;39m &amp#27;[36m[main]&amp#27;[0;39m &amp#27;[33mc.f.c.execution.TestOrchestrator&amp#27;[0;39m - [CCY-002] TIMEOUT – Condition with alias '[CCY-002] PROCESSED in AUT DB' didn't complete within 15 seconds because condition with Lambda expression in com.fx.csvtest.execution.TestOrchestrator was not fulfilled.
2026-05-01 07:52:43.116 &amp#27;[34mINFO &amp#27;[0;39m &amp#27;[36m[main]&amp#27;[0;39m &amp#27;[33mc.f.c.execution.TestOrchestrator&amp#27;[0;39m - ✗ [CCY-002] FAIL (15032ms)
2026-05-01 07:52:43.117 &amp#27;[39mDEBUG&amp#27;[0;39m &amp#27;[36m[main]&amp#27;[0;39m &amp#27;[33mc.fx.csvtest.xml.Pacs009XmlFactory&amp#27;[0;39m - Built XML for test CCY-003: 912 chars
2026-05-01 07:52:43.117 &amp#27;[34mINFO &amp#27;[0;39m &amp#27;[36m[main]&amp#27;[0;39m &amp#27;[33mc.f.c.execution.TestOrchestrator&amp#27;[0;39m - ▶ Executing [CCY-003] Currency: JPY (3-letter no decimal) - VALID (VALID)
2026-05-01 07:52:43.118 &amp#27;[39mDEBUG&amp#27;[0;39m &amp#27;[36m[main]&amp#27;[0;39m &amp#27;[33mc.f.c.execution.TestOrchestrator&amp#27;[0;39m - [CCY-003] Sent to fx.pacs009.inbound
2026-05-01 07:52:43.121 &amp#27;[34mINFO &amp#27;[0;39m &amp#27;[36m[org.springframework.amqp.rabbit.RabbitListenerEndpointContainer#0-1]&amp#27;[0;39m &amp#27;[33mc.f.p.l.Pacs009MessageListener&amp#27;[0;39m - Received message on 'fx.pacs009.inbound' (len=912)
2026-05-01 07:52:43.121 &amp#27;[34mINFO &amp#27;[0;39m &amp#27;[36m[org.springframework.amqp.rabbit.RabbitListenerEndpointContainer#0-1]&amp#27;[0;39m &amp#27;[33mc.f.p.o.PaymentOrchestrationService&amp#27;[0;39m - Processing inbound pacs.009 message (len=912)
2026-05-01 07:52:43.124 &amp#27;[34mINFO &amp#27;[0;39m &amp#27;[36m[org.springframework.amqp.rabbit.RabbitListenerEndpointContainer#0-1]&amp#27;[0;39m &amp#27;[33mc.f.p.s.PaymentPersistenceService&amp#27;[0;39m - Persisted valid payment. id=a9f19536-56ed-400f-a773-bcd219a2d07a msgId=MSG-CCY-TXN-003 txId=CCY-TXN-003
2026-05-01 07:52:43.124 &amp#27;[34mINFO &amp#27;[0;39m &amp#27;[36m[org.springframework.amqp.rabbit.RabbitListenerEndpointContainer#0-1]&amp#27;[0;39m &amp#27;[33mc.f.p.s.PaymentTransformationService&amp#27;[0;39m - Transformed pacs.009 → DomainPayment. paymentId=a9f19536-56ed-400f-a773-bcd219a2d07a settlement=85000000JPY
2026-05-01 07:52:43.125 &amp#27;[34mINFO &amp#27;[0;39m &amp#27;[36m[org.springframework.amqp.rabbit.RabbitListenerEndpointContainer#0-1]&amp#27;[0;39m &amp#27;[33mc.f.p.service.PaymentRoutingService&amp#27;[0;39m - Routed VALID payment to 'fx.payment.valid'. paymentId=a9f19536-56ed-400f-a773-bcd219a2d07a
2026-05-01 07:52:43.126 &amp#27;[34mINFO &amp#27;[0;39m &amp#27;[36m[org.springframework.amqp.rabbit.RabbitListenerEndpointContainer#0-1]&amp#27;[0;39m &amp#27;[33mc.f.p.o.PaymentOrchestrationService&amp#27;[0;39m - Payment processed successfully. paymentId=a9f19536-56ed-400f-a773-bcd219a2d07a
2026-05-01 07:52:43.229 &amp#27;[39mDEBUG&amp#27;[0;39m &amp#27;[36m[main]&amp#27;[0;39m &amp#27;[33mc.f.c.execution.TestOrchestrator&amp#27;[0;39m - Discarded unrelated domain payment txId=XR-TXN-003 (looking for CCY-TXN-003)
2026-05-01 07:52:43.231 &amp#27;[39mDEBUG&amp#27;[0;39m &amp#27;[36m[main]&amp#27;[0;39m &amp#27;[33mc.f.c.execution.TestOrchestrator&amp#27;[0;39m - Discarded unrelated domain payment txId=CCY-TXN-002 (looking for CCY-TXN-003)
2026-05-01 07:52:43.233 &amp#27;[39mDEBUG&amp#27;[0;39m &amp#27;[36m[main]&amp#27;[0;39m &amp#27;[33mc.f.c.execution.TestOrchestrator&amp#27;[0;39m - Discarded unrelated domain payment txId=XR-TXN-004 (looking for CCY-TXN-003)
2026-05-01 07:52:43.235 &amp#27;[31mWARN &amp#27;[0;39m &amp#27;[36m[main]&amp#27;[0;39m &amp#27;[33mc.f.c.a.DomainPaymentAsserter&amp#27;[0;39m - [CCY-003] 1 domain payment assertion(s) failed.
2026-05-01 07:52:43.236 &amp#27;[34mINFO &amp#27;[0;39m &amp#27;[36m[main]&amp#27;[0;39m &amp#27;[33mc.f.c.execution.TestOrchestrator&amp#27;[0;39m - ✗ [CCY-003] FAIL (118ms)
2026-05-01 07:52:43.237 &amp#27;[39mDEBUG&amp#27;[0;39m &amp#27;[36m[main]&amp#27;[0;39m &amp#27;[33mc.fx.csvtest.xml.Pacs009XmlFactory&amp#27;[0;39m - Built XML for test CCY-004: 913 chars
2026-05-01 07:52:43.237 &amp#27;[34mINFO &amp#27;[0;39m &amp#27;[36m[main]&amp#27;[0;39m &amp#27;[33mc.f.c.execution.TestOrchestrator&amp#27;[0;39m - ▶ Executing [CCY-004] Currency: CHF (3-letter) - VALID (VALID)
2026-05-01 07:52:43.237 &amp#27;[39mDEBUG&amp#27;[0;39m &amp#27;[36m[main]&amp#27;[0;39m &amp#27;[33mc.f.c.execution.TestOrchestrator&amp#27;[0;39m - [CCY-004] Sent to fx.pacs009.inbound
2026-05-01 07:52:58.255 &amp#27;[1;31mERROR&amp#27;[0;39m &amp#27;[36m[main]&amp#27;[0;39m &amp#27;[33mc.f.c.execution.TestOrchestrator&amp#27;[0;39m - [CCY-004] TIMEOUT – Condition with alias '[CCY-004] PROCESSED in AUT DB' didn't complete within 15 seconds because condition with Lambda expression in com.fx.csvtest.execution.TestOrchestrator was not fulfilled.
2026-05-01 07:52:58.258 &amp#27;[34mINFO &amp#27;[0;39m &amp#27;[36m[main]&amp#27;[0;39m &amp#27;[33mc.f.c.execution.TestOrchestrator&amp#27;[0;39m - ✗ [CCY-004] FAIL (15018ms)
2026-05-01 07:52:58.259 &amp#27;[39mDEBUG&amp#27;[0;39m &amp#27;[36m[main]&amp#27;[0;39m &amp#27;[33mc.fx.csvtest.xml.Pacs009XmlFactory&amp#27;[0;39m - Built XML for test CCY-005: 913 chars
2026-05-01 07:52:58.259 &amp#27;[34mINFO &amp#27;[0;39m &amp#27;[36m[main]&amp#27;[0;39m &amp#27;[33mc.f.c.execution.TestOrchestrator&amp#27;[0;39m - ▶ Executing [CCY-005] Currency: GBP - VALID (VALID)
2026-05-01 07:52:58.261 &amp#27;[39mDEBUG&amp#27;[0;39m &amp#27;[36m[main]&amp#27;[0;39m &amp#27;[33mc.f.c.execution.TestOrchestrator&amp#27;[0;39m - [CCY-005] Sent to fx.pacs009.inbound
2026-05-01 07:53:13.359 &amp#27;[1;31mERROR&amp#27;[0;39m &amp#27;[36m[main]&amp#27;[0;39m &amp#27;[33mc.f.c.execution.TestOrchestrator&amp#27;[0;39m - [CCY-005] TIMEOUT – Condition with alias '[CCY-005] PROCESSED in AUT DB' didn't complete within 15 seconds because condition with Lambda expression in com.fx.csvtest.execution.TestOrchestrator was not fulfilled.
2026-05-01 07:53:13.362 &amp#27;[34mINFO &amp#27;[0;39m &amp#27;[36m[main]&amp#27;[0;39m &amp#27;[33mc.f.c.execution.TestOrchestrator&amp#27;[0;39m - ✗ [CCY-005] FAIL (15101ms)
2026-05-01 07:53:13.362 &amp#27;[39mDEBUG&amp#27;[0;39m &amp#27;[36m[main]&amp#27;[0;39m &amp#27;[33mc.fx.csvtest.xml.Pacs009XmlFactory&amp#27;[0;39m - Built XML for test CCY-006: 913 chars
2026-05-01 07:53:13.362 &amp#27;[34mINFO &amp#27;[0;39m &amp#27;[36m[main]&amp#27;[0;39m &amp#27;[33mc.f.c.execution.TestOrchestrator&amp#27;[0;39m - ▶ Executing [CCY-006] Currency: AUD - VALID (VALID)
2026-05-01 07:53:13.363 &amp#27;[39mDEBUG&amp#27;[0;39m &amp#27;[36m[main]&amp#27;[0;39m &amp#27;[33mc.f.c.execution.TestOrchestrator&amp#27;[0;39m - [CCY-006] Sent to fx.pacs009.inbound
2026-05-01 07:53:13.366 &amp#27;[34mINFO &amp#27;[0;39m &amp#27;[36m[org.springframework.amqp.rabbit.RabbitListenerEndpointContainer#0-1]&amp#27;[0;39m &amp#27;[33mc.f.p.l.Pacs009MessageListener&amp#27;[0;39m - Received message on 'fx.pacs009.inbound' (len=913)
2026-05-01 07:53:13.366 &amp#27;[34mINFO &amp#27;[0;39m &amp#27;[36m[org.springframework.amqp.rabbit.RabbitListenerEndpointContainer#0-1]&amp#27;[0;39m &amp#27;[33mc.f.p.o.PaymentOrchestrationService&amp#27;[0;39m - Processing inbound pacs.009 message (len=913)
2026-05-01 07:53:13.368 &amp#27;[34mINFO &amp#27;[0;39m &amp#27;[36m[org.springframework.amqp.rabbit.RabbitListenerEndpointContainer#0-1]&amp#27;[0;39m &amp#27;[33mc.f.p.s.PaymentPersistenceService&amp#27;[0;39m - Persisted valid payment. id=4afaa049-6fcf-4c5e-97eb-f3ee5e0eedaf msgId=MSG-CCY-TXN-006 txId=CCY-TXN-006
2026-05-01 07:53:13.368 &amp#27;[34mINFO &amp#27;[0;39m &amp#27;[36m[org.springframework.amqp.rabbit.RabbitListenerEndpointContainer#0-1]&amp#27;[0;39m &amp#27;[33mc.f.p.s.PaymentTransformationService&amp#27;[0;39m - Transformed pacs.009 → DomainPayment. paymentId=4afaa049-6fcf-4c5e-97eb-f3ee5e0eedaf settlement=300000.00AUD
2026-05-01 07:53:13.369 &amp#27;[34mINFO &amp#27;[0;39m &amp#27;[36m[org.springframework.amqp.rabbit.RabbitListenerEndpointContainer#0-1]&amp#27;[0;39m &amp#27;[33mc.f.p.service.PaymentRoutingService&amp#27;[0;39m - Routed VALID payment to 'fx.payment.valid'. paymentId=4afaa049-6fcf-4c5e-97eb-f3ee5e0eedaf
2026-05-01 07:53:13.370 &amp#27;[34mINFO &amp#27;[0;39m &amp#27;[36m[org.springframework.amqp.rabbit.RabbitListenerEndpointContainer#0-1]&amp#27;[0;39m &amp#27;[33mc.f.p.o.PaymentOrchestrationService&amp#27;[0;39m - Payment processed successfully. paymentId=4afaa049-6fcf-4c5e-97eb-f3ee5e0eedaf
2026-05-01 07:53:13.475 &amp#27;[39mDEBUG&amp#27;[0;39m &amp#27;[36m[main]&amp#27;[0;39m &amp#27;[33mc.f.c.execution.TestOrchestrator&amp#27;[0;39m - Discarded unrelated domain payment txId=CCY-TXN-004 (looking for CCY-TXN-006)
2026-05-01 07:53:13.476 &amp#27;[39mDEBUG&amp#27;[0;39m &amp#27;[36m[main]&amp#27;[0;39m &amp#27;[33mc.f.c.execution.TestOrchestrator&amp#27;[0;39m - Discarded unrelated domain payment txId=XR-TXN-005 (looking for CCY-TXN-006)
2026-05-01 07:53:13.477 &amp#27;[39mDEBUG&amp#27;[0;39m &amp#27;[36m[main]&amp#27;[0;39m &amp#27;[33mc.f.c.execution.TestOrchestrator&amp#27;[0;39m - Discarded unrelated domain payment txId=CCY-TXN-005 (looking for CCY-TXN-006)
2026-05-01 07:53:13.478 &amp#27;[31mWARN &amp#27;[0;39m &amp#27;[36m[main]&amp#27;[0;39m &amp#27;[33mc.f.c.a.DomainPaymentAsserter&amp#27;[0;39m - [CCY-006] 1 domain payment assertion(s) failed.
2026-05-01 07:53:13.480 &amp#27;[34mINFO &amp#27;[0;39m &amp#27;[36m[main]&amp#27;[0;39m &amp#27;[33mc.f.c.execution.TestOrchestrator&amp#27;[0;39m - ✗ [CCY-006] FAIL (117ms)
2026-05-01 07:53:13.481 &amp#27;[39mDEBUG&amp#27;[0;39m &amp#27;[36m[main]&amp#27;[0;39m &amp#27;[33mc.fx.csvtest.xml.Pacs009XmlFactory&amp#27;[0;39m - Built XML for test CCY-007: 911 chars
2026-05-01 07:53:13.481 &amp#27;[34mINFO &amp#27;[0;39m &amp#27;[36m[main]&amp#27;[0;39m &amp#27;[33mc.f.c.execution.TestOrchestrator&amp#27;[0;39m - ▶ Executing [CCY-007] Currency: NOK (Scandinavian) - VALID (VALID)
2026-05-01 07:53:13.481 &amp#27;[39mDEBUG&amp#27;[0;39m &amp#27;[36m[main]&amp#27;[0;39m &amp#27;[33mc.f.c.execution.TestOrchestrator&amp#27;[0;39m - [CCY-007] Sent to fx.pacs009.inbound
2026-05-01 07:53:28.547 &amp#27;[1;31mERROR&amp#27;[0;39m &amp#27;[36m[main]&amp#27;[0;39m &amp#27;[33mc.f.c.execution.TestOrchestrator&amp#27;[0;39m - [CCY-007] TIMEOUT – Condition with alias '[CCY-007] PROCESSED in AUT DB' didn't complete within 15 seconds because condition with Lambda expression in com.fx.csvtest.execution.TestOrchestrator was not fulfilled.
2026-05-01 07:53:28.550 &amp#27;[34mINFO &amp#27;[0;39m &amp#27;[36m[main]&amp#27;[0;39m &amp#27;[33mc.f.c.execution.TestOrchestrator&amp#27;[0;39m - ✗ [CCY-007] FAIL (15067ms)
2026-05-01 07:53:28.550 &amp#27;[39mDEBUG&amp#27;[0;39m &amp#27;[36m[main]&amp#27;[0;39m &amp#27;[33mc.fx.csvtest.xml.Pacs009XmlFactory&amp#27;[0;39m - Built XML for test CCY-008: 910 chars
2026-05-01 07:53:28.550 &amp#27;[34mINFO &amp#27;[0;39m &amp#27;[36m[main]&amp#27;[0;39m &amp#27;[33mc.f.c.execution.TestOrchestrator&amp#27;[0;39m - ▶ Executing [CCY-008] Currency: XAU (gold) - VALID (VALID)
2026-05-01 07:53:28.551 &amp#27;[39mDEBUG&amp#27;[0;39m &amp#27;[36m[main]&amp#27;[0;39m &amp#27;[33mc.f.c.execution.TestOrchestrator&amp#27;[0;39m - [CCY-008] Sent to fx.pacs009.inbound
2026-05-01 07:53:28.751 &amp#27;[34mINFO &amp#27;[0;39m &amp#27;[36m[org.springframework.amqp.rabbit.RabbitListenerEndpointContainer#0-1]&amp#27;[0;39m &amp#27;[33mc.f.p.l.Pacs009MessageListener&amp#27;[0;39m - Received message on 'fx.pacs009.inbound' (len=1231)
2026-05-01 07:53:28.751 &amp#27;[34mINFO &amp#27;[0;39m &amp#27;[36m[org.springframework.amqp.rabbit.RabbitListenerEndpointContainer#0-1]&amp#27;[0;39m &amp#27;[33mc.f.p.o.PaymentOrchestrationService&amp#27;[0;39m - Processing inbound pacs.009 message (len=1231)
2026-05-01 07:53:28.755 &amp#27;[34mINFO &amp#27;[0;39m &amp#27;[36m[org.springframework.amqp.rabbit.RabbitListenerEndpointContainer#0-1]&amp#27;[0;39m &amp#27;[33mc.f.p.s.PaymentPersistenceService&amp#27;[0;39m - Persisted valid payment. id=d752ea6b-eaa0-4724-8812-6f655e97158c msgId=MSG-DM-TXN-003 txId=DM-TXN-003
2026-05-01 07:53:28.756 &amp#27;[34mINFO &amp#27;[0;39m &amp#27;[36m[org.springframework.amqp.rabbit.RabbitListenerEndpointContainer#0-1]&amp#27;[0;39m &amp#27;[33mc.f.p.s.PaymentTransformationService&amp#27;[0;39m - Transformed pacs.009 → DomainPayment. paymentId=d752ea6b-eaa0-4724-8812-6f655e97158c settlement=999999.99999EUR
2026-05-01 07:53:28.756 &amp#27;[34mINFO &amp#27;[0;39m &amp#27;[36m[org.springframework.amqp.rabbit.RabbitListenerEndpointContainer#0-1]&amp#27;[0;39m &amp#27;[33mc.f.p.service.PaymentRoutingService&amp#27;[0;39m - Routed VALID payment to 'fx.payment.valid'. paymentId=d752ea6b-eaa0-4724-8812-6f655e97158c
2026-05-01 07:53:28.758 &amp#27;[34mINFO &amp#27;[0;39m &amp#27;[36m[org.springframework.amqp.rabbit.RabbitListenerEndpointContainer#0-1]&amp#27;[0;39m &amp#27;[33mc.f.p.o.PaymentOrchestrationService&amp#27;[0;39m - Payment processed successfully. paymentId=d752ea6b-eaa0-4724-8812-6f655e97158c
2026-05-01 07:53:43.640 &amp#27;[1;31mERROR&amp#27;[0;39m &amp#27;[36m[main]&amp#27;[0;39m &amp#27;[33mc.f.c.execution.TestOrchestrator&amp#27;[0;39m - [CCY-008] TIMEOUT – Condition with alias '[CCY-008] PROCESSED in AUT DB' didn't complete within 15 seconds because condition with Lambda expression in com.fx.csvtest.execution.TestOrchestrator was not fulfilled.
2026-05-01 07:53:43.642 &amp#27;[34mINFO &amp#27;[0;39m &amp#27;[36m[main]&amp#27;[0;39m &amp#27;[33mc.f.c.execution.TestOrchestrator&amp#27;[0;39m - ✗ [CCY-008] FAIL (15090ms)
2026-05-01 07:53:43.642 &amp#27;[39mDEBUG&amp#27;[0;39m &amp#27;[36m[main]&amp#27;[0;39m &amp#27;[33mc.fx.csvtest.xml.Pacs009XmlFactory&amp#27;[0;39m - Built XML for test CCY-009: 914 chars
2026-05-01 07:53:43.642 &amp#27;[34mINFO &amp#27;[0;39m &amp#27;[36m[main]&amp#27;[0;39m &amp#27;[33mc.f.c.execution.TestOrchestrator&amp#27;[0;39m - ▶ Executing [CCY-009] Currency: usd (all lowercase) - INVALID (INVALID)
2026-05-01 07:53:43.643 &amp#27;[39mDEBUG&amp#27;[0;39m &amp#27;[36m[main]&amp#27;[0;39m &amp#27;[33mc.f.c.execution.TestOrchestrator&amp#27;[0;39m - [CCY-009] Sent to fx.pacs009.inbound
2026-05-01 07:53:58.739 &amp#27;[1;31mERROR&amp#27;[0;39m &amp#27;[36m[main]&amp#27;[0;39m &amp#27;[33mc.f.c.execution.TestOrchestrator&amp#27;[0;39m - [CCY-009] TIMEOUT – Condition with alias '[CCY-009] INVALID record in AUT DB' didn't complete within 15 seconds because condition with Lambda expression in com.fx.csvtest.execution.TestOrchestrator was not fulfilled.
[...]
  ✗ [BIC-001] Debtor BIC: BARCGB22 (8-char standard) - VALID
      → Timeout after 15s waiting for AUT to process message. Condition with alias '[BIC-001] PROCESSED in AUT DB' didn't complete within 15 seconds because condition with Lambda expression in com.fx.csvtest.execution.TestOrchestrator was not fulfilled.
  ✗ [BIC-002] Debtor BIC: BARCGB22XXX (11-char with branch) - VALID
      → SettlementMethod: expected='BARCGB22XXX' actual='GROS'
      → ExchangeRate: expected value 'JPMSGB2L' is not a valid decimal
  ✗ [BIC-003] Debtor BIC: UBSWCHZH80A (11-char numeric branch) - VALID
      → Timeout after 15s waiting for AUT to process message. Condition with alias '[BIC-003] PROCESSED in AUT DB' didn't complete within 15 seconds because condition with Lambda expression in com.fx.csvtest.execution.TestOrchestrator was not fulfilled.
  ✗ [BIC-004] Creditor BIC: DEUTDEFFXXX (11-char) - VALID
      → Timeout after 15s waiting for AUT to process message. Condition with alias '[BIC-004] PROCESSED in AUT DB' didn't complete within 15 seconds because condition with Lambda expression in com.fx.csvtest.execution.TestOrchestrator was not fulfilled.
  ✗ [BIC-005] BIC with digits in bank code AAAA1122 - VALID
      → Timeout after 15s waiting for AUT to process message. Condition with alias '[BIC-005] PROCESSED in AUT DB' didn't complete within 15 seconds because condition with Lambda expression in com.fx.csvtest.execution.TestOrchestrator was not fulfilled.
  ✗ [BIC-007] BIC: BarcGB22 (mixed case) - INVALID
      → Timeout after 15s waiting for AUT to process message. Condition with alias '[BIC-007] INVALID record in AUT DB' didn't complete within 15 seconds because condition with Lambda expression in com.fx.csvtest.execution.TestOrchestrator was not fulfilled.
  ✗ [BIC-008] BIC: BARCGB2 (7 chars too short) - INVALID
      → Timeout after 15s waiting for AUT to process message. Condition with alias '[BIC-008] INVALID record in AUT DB' didn't complete within 15 seconds because condition with Lambda expression in com.fx.csvtest.execution.TestOrchestrator was not fulfilled.
  ✗ [BIC-009] BIC: BARCGB221 (9 chars - not 8 or 11) - INVALID
      → Timeout after 15s waiting for AUT to process message. Condition with alias '[BIC-009] INVALID record in AUT DB' didn't complete within 15 seconds because condition with Lambda expression in com.fx.csvtest.execution.TestOrchestrator was not fulfilled.
  ✗ [BIC-011] BIC: BARCGB22XXXX (12 chars too long) - INVALID
      → Timeout after 15s waiting for AUT to process message. Condition with alias '[BIC-011] INVALID record in AUT DB' didn't complete within 15 seconds because condition with Lambda expression in com.fx.csvtest.execution.TestOrchestrator was not fulfilled.
  ✗ [BIC-012] BIC: BARC1B22 (digit in country code position) - INVALID
      → Timeout after 15s waiting for AUT to process message. Condition with alias '[BIC-012] INVALID record in AUT DB' didn't complete within 15 seconds because condition with Lambda expression in com.fx.csvtest.execution.TestOrchestrator was not fulfilled.
  ✗ [BIC-013] Debtor element missing entirely - INVALID
      → Timeout after 15s waiting for AUT to process message. Condition with alias '[BIC-013] INVALID record in AUT DB' didn't complete within 15 seconds because condition with Lambda expression in com.fx.csvtest.execution.TestOrchestrator was not fulfilled.
  ✗ [BIC-014] Creditor element missing entirely - INVALID
      → Timeout after 15s waiting for AUT to process message. Condition with alias '[BIC-014] INVALID record in AUT DB' didn't complete within 15 seconds because condition with Lambda expression in com.fx.csvtest.execution.TestOrchestrator was not fulfilled.
  ✗ [ID-001] MsgId: length 1 (minimum Max35Text) - VALID
      → Timeout after 15s waiting for AUT to process message. Condition with alias '[ID-001] PROCESSED in AUT DB' didn't complete within 15 seconds because condition with Lambda expression in com.fx.csvtest.execution.TestOrchestrator was not fulfilled.
  ✗ [ID-002] MsgId: length 35 (maximum Max35Text) - VALID
      → Timeout after 15s waiting for AUT to process message. Condition with alias '[ID-002] PROCESSED in AUT DB' didn't complete within 15 seconds because condition with Lambda expression in com.fx.csvtest.execution.TestOrchestrator was not fulfilled.
  ✗ [ID-003] MsgId: length 36 (one over Max35Text) - INVALID
      → Timeout after 15s waiting for AUT to process message. Condition with alias '[ID-003] INVALID record in AUT DB' didn't complete within 15 seconds because condition with Lambda expression in com.fx.csvtest.execution.TestOrchestrator was not fulfilled.
  ✗ [ID-005] TxId: length 1 (minimum) - VALID
      → Timeout after 15s waiting for AUT to process message. Condition with alias '[ID-005] PROCESSED in AUT DB' didn't complete within 15 seconds because condition with Lambda expression in com.fx.csvtest.execution.TestOrchestrator was not fulfilled.
  ✗ [ID-006] TxId: length 35 (maximum) - VALID
      → Timeout after 15s waiting for AUT to process message. Condition with alias '[ID-006] PROCESSED in AUT DB' didn't complete within 15 seconds because condition with Lambda expression in com.fx.csvtest.execution.TestOrchestrator was not fulfilled.
  ✗ [ID-007] TxId missing (required field) - INVALID
      → Timeout after 15s waiting for AUT to process message. Condition with alias '[ID-007] INVALID record in AUT DB' didn't complete within 15 seconds because condition with Lambda expression in com.fx.csvtest.execution.TestOrchestrator was not fulfilled.
  ✗ [ID-008] EndToEndId: length 1 (minimum) - VALID
      → CreditorAgentBIC: expected='E' actual='CHASUS33'
  ✗ [ID-009] EndToEndId: length 35 (maximum) - VALID
      → Timeout after 15s waiting for AUT to process message. Condition with alias '[ID-009] PROCESSED in AUT DB' didn't complete within 15 seconds because condition with Lambda expression in com.fx.csvtest.execution.TestOrchestrator was not fulfilled.
  ✗ [ID-010] EndToEndId missing (required field) - INVALID
      → Timeout after 15s waiting for AUT to process message. Condition with alias '[ID-010] INVALID record in AUT DB' didn't complete within 15 seconds because condition with Lambda expression in com.fx.csvtest.execution.TestOrchestrator was not fulfilled.
  ✗ [ID-011] InstrId: length 35 (max when present) - VALID
      → Timeout after 15s waiting for AUT to process message. Condition with alias '[ID-011] PROCESSED in AUT DB' didn't complete within 15 seconds because condition with Lambda expression in com.fx.csvtest.execution.TestOrchestrator was not fulfilled.
  ✗ [ID-013] UETR: valid v4 UUID lowercase - VALID
      → Timeout after 15s waiting for AUT to process message. Condition with alias '[ID-013] PROCESSED in AUT DB' didn't complete within 15 seconds because condition with Lambda expression in com.fx.csvtest.execution.TestOrchestrator was not fulfilled.
  ✗ [ID-014] UETR: absent (optional field) - VALID
      → Timeout after 15s waiting for AUT to process message. Condition with alias '[ID-014] PROCESSED in AUT DB' didn't complete within 15 seconds because condition with Lambda expression in com.fx.csvtest.execution.TestOrchestrator was not fulfilled.
  ✗ [ID-015] UETR: not v4 (3rd group starts with 1 not 4) - INVALID
      → Timeout after 15s waiting for AUT to process message. Condition with alias '[ID-015] INVALID record in AUT DB' didn't complete within 15 seconds because condition with Lambda expression in com.fx.csvtest.execution.TestOrchestrator was not fulfilled.
  ✗ [ID-017] UETR: uppercase hex (pattern requires lowercase) - INVALID
      → Timeout after 15s waiting for AUT to process message. Condition with alias '[ID-017] INVALID record in AUT DB' didn't complete within 15 seconds because condition with Lambda expression in com.fx.csvtest.execution.TestOrchestrator was not fulfilled.
  ✗ [SM-001] SttlmMtd: CLRG - VALID
      → Timeout after 15s waiting for AUT to process message. Condition with alias '[SM-001] PROCESSED in AUT DB' didn't complete within 15 seconds because condition with Lambda expression in com.fx.csvtest.execution.TestOrchestrator was not fulfilled.
  ✗ [SM-002] SttlmMtd: COVE - VALID
      → Timeout after 15s waiting for AUT to process message. Condition with alias '[SM-002] PROCESSED in AUT DB' didn't complete within 15 seconds because condition with Lambda expression in com.fx.csvtest.execution.TestOrchestrator was not fulfilled.
  ✗ [SM-003] SttlmMtd: GROS - VALID
      → SettlementDate: expected='GROS' actual='2024-04-17'
      → CreditorName: expected='SHAR' actual='null'
  ✗ [SM-004] SttlmMtd: INDA - VALID
      → Timeout after 15s waiting for AUT to process message. Condition with alias '[SM-004] PROCESSED in AUT DB' didn't complete within 15 seconds because condition with Lambda expression in com.fx.csvtest.execution.TestOrchestrator was not fulfilled.
  ✗ [SM-005] SttlmMtd: WIRE (invalid enum) - INVALID
      → Timeout after 15s waiting for AUT to process message. Condition with alias '[SM-005] INVALID record in AUT DB' didn't complete within 15 seconds because condition with Lambda expression in com.fx.csvtest.execution.TestOrchestrator was not fulfilled.
  ✗ [SM-006] SttlmMtd: SEPA (not in enum) - INVALID
      → Timeout after 15s waiting for AUT to process message. Condition with alias '[SM-006] INVALID record in AUT DB' didn't complete within 15 seconds because condition with Lambda expression in com.fx.csvtest.execution.TestOrchestrator was not fulfilled.
  ✗ [SM-008] SttlmMtd missing - INVALID
      → Timeout after 15s waiting for AUT to process message. Condition with alias '[SM-008] INVALID record in AUT DB' didn't complete within 15 seconds because condition with Lambda expression in com.fx.csvtest.execution.TestOrchestrator was not fulfilled.
  ✗ [CB-001] ChrgBr: CRED - VALID
      → Timeout after 15s waiting for AUT to process message. Condition with alias '[CB-001] PROCESSED in AUT DB' didn't complete within 15 seconds because condition with Lambda expression in com.fx.csvtest.execution.TestOrchestrator was not fulfilled.
  ✗ [CB-002] ChrgBr: DEBT - VALID
      → Timeout after 15s waiting for AUT to process message. Condition with alias '[CB-002] PROCESSED in AUT DB' didn't complete within 15 seconds because condition with Lambda expression in com.fx.csvtest.execution.TestOrchestrator was not fulfilled.
  ✗ [CB-003] ChrgBr: SHAR - VALID
      ERROR: Query did not return a unique result: 2 results were returned
  ✗ [CB-004] ChrgBr: SLEV - VALID
      → Timeout after 15s waiting for AUT to process message. Condition with alias '[CB-004] PROCESSED in AUT DB' didn't complete within 15 seconds because condition with Lambda expression in com.fx.csvtest.execution.TestOrchestrator was not fulfilled.
  ✗ [CB-005] ChrgBr: NONE (not in enum) - INVALID
      → Timeout after 15s waiting for AUT to process message. Condition with alias '[CB-005] INVALID record in AUT DB' didn't complete within 15 seconds because condition with Lambda expression in com.fx.csvtest.execution.TestOrchestrator was not fulfilled.
  ✗ [CB-006] ChrgBr: OUR (SWIFT legacy) - INVALID
      → Timeout after 15s waiting for AUT to process message. Condition with alias '[CB-006] INVALID record in AUT DB' didn't complete within 15 seconds because condition with Lambda expression in com.fx.csvtest.execution.TestOrchestrator was not fulfilled.
  ✗ [CB-008] ChrgBr missing - INVALID
      → Timeout after 15s waiting for AUT to process message. Condition with alias '[CB-008] INVALID record in AUT DB' didn't complete within 15 seconds because condition with Lambda expression in com.fx.csvtest.execution.TestOrchestrator was not fulfilled.
  ✗ [DT-001] Date: 2024-04-17 (standard ISO) - VALID
      → Timeout after 15s waiting for AUT to process message. Condition with alias '[DT-001] PROCESSED in AUT DB' didn't complete within 15 seconds because condition with Lambda expression in com.fx.csvtest.execution.TestOrchestrator was not fulfilled.
  ✗ [DT-002] Date: 2099-12-31 (far future) - VALID
      → Timeout after 15s waiting for AUT to process message. Condition with alias '[DT-002] PROCESSED in AUT DB' didn't complete within 15 seconds because condition with Lambda expression in com.fx.csvtest.execution.TestOrchestrator was not fulfilled.
  ✗ [DT-003] Date: 2020-01-01 (past date allowed by XSD) - VALID
      → SettlementAmount: expected value '2020-01-01' is not a valid decimal
  ✗ [DT-004] Date: 2024-02-29 (leap year) - VALID
      → SettlementAmount: expected value '2024-02-29' is not a valid decimal
      → UUID mismatch: domain.PaymentId='78d5c45a-bdd2-4c5f-84af-400b064f8a28' != AUT DB id='929326a2-d2b2-4c74-b03c-db427f1a68f4'
  ✗ [DT-005] Date: 17/04/2024 (DD/MM/YYYY wrong format) - INVALID
      → Timeout after 15s waiting for AUT to process message. Condition with alias '[DT-005] INVALID record in AUT DB' didn't complete within 15 seconds because condition with Lambda expression in com.fx.csvtest.execution.TestOrchestrator was not fulfilled.
  ✗ [DT-006] Date: 2024/04/17 (slashes wrong format) - INVALID
      → Timeout after 15s waiting for AUT to process message. Condition with alias '[DT-006] INVALID record in AUT DB' didn't complete within 15 seconds because condition with Lambda expression in com.fx.csvtest.execution.TestOrchestrator was not fulfilled.
  ✗ [DT-008] Settlement date missing - INVALID
      → Timeout after 15s waiting for AUT to process message. Condition with alias '[DT-008] INVALID record in AUT DB' didn't complete within 15 seconds because condition with Lambda expression in com.fx.csvtest.execution.TestOrchestrator was not fulfilled.
  ✗ [IB-001] IBAN: GB29BARC20000055779911 (UK 22-char) - VALID
      → Timeout after 15s waiting for AUT to process message. Condition with alias '[IB-001] PROCESSED in AUT DB' didn't complete within 15 seconds because condition with Lambda expression in com.fx.csvtest.execution.TestOrchestrator was not fulfilled.
  ✗ [IB-002] IBAN: DE89370400440532013000 (Germany 22-char) - VALID
      → Timeout after 15s waiting for AUT to process message. Condition with alias '[IB-002] PROCESSED in AUT DB' didn't complete within 15 seconds because condition with Lambda expression in com.fx.csvtest.execution.TestOrchestrator was not fulfilled.
  ✗ [IB-003] IBAN: FR7614508059451234567890183 (France 27-char) - VALID
      → SettlementMethod: expected='BARCGB22' actual='GROS'
      → ExchangeRate: expected value 'BNPAFRPP' is not a valid decimal
      → DebtorBIC: expected='GB29BARC20000055779911' actual='BARCGB22'
      → CreditorBIC: expected='FR7614508059451234567890183' actual='BNPAFRPP'
  ✗ [IB-004] IBAN: absent (optional - no accounts) - VALID
      → Timeout after 15s waiting for AUT to process message. Condition with alias '[IB-004] PROCESSED in AUT DB' didn't complete within 15 seconds because condition with Lambda expression in com.fx.csvtest.execution.TestOrchestrator was not fulfilled.
  ✗ [IB-005] IBAN: gb29BARC (lowercase country code) - INVALID
      → Timeout after 15s waiting for AUT to process message. Condition with alias '[IB-005] INVALID record in AUT DB' didn't complete within 15 seconds because condition with Lambda expression in com.fx.csvtest.execution.TestOrchestrator was not fulfilled.
  ✗ [IB-006] IBAN: 1234567890 (no country code) - INVALID
      → Timeout after 15s waiting for AUT to process message. Condition with alias '[IB-006] INVALID record in AUT DB' didn't complete within 15 seconds because condition with Lambda expression in com.fx.csvtest.execution.TestOrchestrator was not fulfilled.
  ✗ [XR-001] ExchRate: 1.2650000000 (10 decimal places) - VALID
      → SettlementDate: expected='1.2650000000' actual='2024-04-17'
      → UUID mismatch: domain.PaymentId='14a06889-2cd1-40ff-b9b4-ae0716cf4431' != AUT DB id='81452f12-e834-4c76-9190-504a9155b867'
  ✗ [XR-002] ExchRate: 161.8900000000 (EUR/JPY cross rate) - VALID
      → Timeout after 15s waiting for AUT to process message. Condition with alias '[XR-002] PROCESSED in AUT DB' didn't complete within 15 seconds because condition with Lambda expression in com.fx.csvtest.execution.TestOrchestrator was not fulfilled.
  ✗ [XR-003] ExchRate: absent (same-currency no FX) - VALID
      → Timeout after 15s waiting for AUT to process message. Condition with alias '[XR-003] PROCESSED in AUT DB' didn't complete within 15 seconds because condition with Lambda expression in com.fx.csvtest.execution.TestOrchestrator was not fulfilled.
  ✗ [XR-004] ExchRate: 0.6520000000 (AUD/USD sub-1 rate) - VALID
      → SettlementDate: expected='0.6520000000' actual='2024-04-17'
  ✗ [XR-005] ExchRate: negative -1.2 (invalid) - INVALID
      → Timeout after 15s waiting for AUT to process message. Condition with alias '[XR-005] INVALID record in AUT DB' didn't complete within 15 seconds because condition with Lambda expression in com.fx.csvtest.execution.TestOrchestrator was not fulfilled.
  ✗ [XR-006] ExchRate: text NOT_A_RATE - INVALID
      → Timeout after 15s waiting for AUT to process message. Condition with alias '[XR-006] INVALID record in AUT DB' didn't complete within 15 seconds because condition with Lambda expression in com.fx.csvtest.execution.TestOrchestrator was not fulfilled.
  ✗ [DM-001] Full field mapping: all domain fields verified
      → Timeout after 15s waiting for AUT to process message. Condition with alias '[DM-001] PROCESSED in AUT DB' didn't complete within 15 seconds because condition with Lambda expression in com.fx.csvtest.execution.TestOrchestrator was not fulfilled.
  ✗ [DM-002] Purpose code TREA mapped to domain
      → PaymentStatus: expected='85000000' actual='PROCESSED'
      → SettlementAmount: expected value 'JPY' is not a valid decimal
      → PurposeCode: expected='DEBT' actual='TREA'
      → RemittanceInfo: expected='TREA' actual='Treasury FX Leg 2'
      → UETR: expected='Treasury FX Leg 2' actual='null'
  ✗ [DM-003] Purpose code BEXP mapped to domain
      ERROR: Query did not return a unique result: 2 results were returned
  ✗ [DM-004] Purpose code INTC (intra-company) mapped
      → Timeout after 15s waiting for AUT to process message. Condition with alias '[DM-004] PROCESSED in AUT DB' didn't complete within 15 seconds because condition with Lambda expression in com.fx.csvtest.execution.TestOrchestrator was not fulfilled.
  ✗ [DM-005] Remittance info max 140 chars mapped
      → Timeout after 15s waiting for AUT to process message. Condition with alias '[DM-005] PROCESSED in AUT DB' didn't complete within 15 seconds because condition with Lambda expression in com.fx.csvtest.execution.TestOrchestrator was not fulfilled.
  ✗ [DM-006] INDA settlement method propagated to domain
      ERROR: Query did not return a unique result: 2 results were returned
  ✗ [DM-007] COVE settlement method propagated to domain
      → Timeout after 15s waiting for AUT to process message. Condition with alias '[DM-007] PROCESSED in AUT DB' didn't complete within 15 seconds because condition with Lambda expression in com.fx.csvtest.execution.TestOrchestrator was not fulfilled.
  ✗ [DM-008] No optional fields - minimal domain object
      → Timeout after 15s waiting for AUT to process message. Condition with alias '[DM-008] PROCESSED in AUT DB' didn't complete within 15 seconds because condition with Lambda expression in com.fx.csvtest.execution.TestOrchestrator was not fulfilled.

	at org.junit.jupiter.api.AssertionUtils.fail(AssertionUtils.java:38)
	at org.junit.jupiter.api.Assertions.fail(Assertions.java:138)
	at com.fx.csvtest.runner.CsvComponentTestRunner.assertSuitePassed(CsvComponentTestRunner.java:144)
	at java.base/java.lang.reflect.Method.invoke(Method.java:565)
	at java.base/java.util.ArrayList.forEach(ArrayList.java:1604)
	at java.base/java.util.ArrayList.forEach(ArrayList.java:1604)
]]></failure>
  </testcase>
</testsuite>